{"C:\\Users\\malak_tkw20pj\\OneDrive\\Desktop\\portfolio\\Project1\\src\\components\\Avatar\\index.tsx": {"path":"C:\\Users\\malak_tkw20pj\\OneDrive\\Desktop\\portfolio\\Project1\\src\\components\\Avatar\\index.tsx","statementMap":{"0":{"start":{"line":18,"column":21},"end":{"line":25,"column":null}},"1":{"start":{"line":27,"column":6},"end":{"line":33,"column":null}},"2":{"start":{"line":28,"column":13},"end":{"line":28,"column":null}},"3":{"start":{"line":29,"column":2},"end":{"line":31,"column":null}},"4":{"start":{"line":29,"column":19},"end":{"line":29,"column":22}},"5":{"start":{"line":30,"column":4},"end":{"line":30,"column":null}},"6":{"start":{"line":31,"column":4},"end":{"line":31,"column":null}},"7":{"start":{"line":33,"column":2},"end":{"line":33,"column":null}},"8":{"start":{"line":36,"column":6},"end":{"line":44,"column":null}},"9":{"start":{"line":37,"column":16},"end":{"line":37,"column":56}},"10":{"start":{"line":38,"column":2},"end":{"line":39,"column":null}},"11":{"start":{"line":39,"column":4},"end":{"line":39,"column":null}},"12":{"start":{"line":42,"column":16},"end":{"line":42,"column":null}},"13":{"start":{"line":43,"column":15},"end":{"line":43,"column":null}},"14":{"start":{"line":44,"column":2},"end":{"line":44,"column":null}},"15":{"start":{"line":47,"column":6},"end":{"line":53,"column":null}},"16":{"start":{"line":48,"column":2},"end":{"line":53,"column":null}},"17":{"start":{"line":56,"column":13},"end":{"line":101,"column":null}},"18":{"start":{"line":64,"column":18},"end":{"line":64,"column":57}},"19":{"start":{"line":65,"column":21},"end":{"line":67,"column":null}},"20":{"start":{"line":69,"column":19},"end":{"line":69,"column":null}},"21":{"start":{"line":71,"column":2},"end":{"line":101,"column":null}},"22":{"start":{"line":106,"column":13},"end":{"line":135,"column":null}},"23":{"start":{"line":107,"column":18},"end":{"line":107,"column":39}},"24":{"start":{"line":108,"column":19},"end":{"line":108,"column":null}},"25":{"start":{"line":109,"column":23},"end":{"line":109,"column":null}},"26":{"start":{"line":110,"column":24},"end":{"line":110,"column":null}},"27":{"start":{"line":112,"column":2},"end":{"line":135,"column":null}},"28":{"start":{"line":115,"column":8},"end":{"line":120,"column":null}}},"fnMap":{"0":{"name":"(anonymous_0)","decl":{"start":{"line":27,"column":6},"end":{"line":27,"column":18}},"loc":{"start":{"line":27,"column":43},"end":{"line":33,"column":null}},"line":27},"1":{"name":"(anonymous_1)","decl":{"start":{"line":36,"column":6},"end":{"line":36,"column":21}},"loc":{"start":{"line":36,"column":46},"end":{"line":44,"column":null}},"line":36},"2":{"name":"(anonymous_2)","decl":{"start":{"line":47,"column":6},"end":{"line":47,"column":null}},"loc":{"start":{"line":48,"column":2},"end":{"line":53,"column":null}},"line":48},"3":{"name":"(anonymous_3)","decl":{"start":{"line":56,"column":13},"end":{"line":56,"column":23}},"loc":{"start":{"line":63,"column":19},"end":{"line":101,"column":null}},"line":63},"4":{"name":"(anonymous_4)","decl":{"start":{"line":106,"column":13},"end":{"line":106,"column":28}},"loc":{"start":{"line":106,"column":71},"end":{"line":135,"column":null}},"line":106},"5":{"name":"(anonymous_5)","decl":{"start":{"line":114,"column":15},"end":{"line":114,"column":20}},"loc":{"start":{"line":115,"column":8},"end":{"line":120,"column":null}},"line":115}},"branchMap":{"0":{"loc":{"start":{"line":38,"column":2},"end":{"line":39,"column":null}},"type":"if","locations":[{"start":{"line":38,"column":2},"end":{"line":39,"column":null}},{"start":{},"end":{}}],"line":38},"1":{"loc":{"start":{"line":42,"column":16},"end":{"line":42,"column":null}},"type":"binary-expr","locations":[{"start":{"line":42,"column":16},"end":{"line":42,"column":33}},{"start":{"line":42,"column":33},"end":{"line":42,"column":null}}],"line":42},"2":{"loc":{"start":{"line":43,"column":15},"end":{"line":43,"column":null}},"type":"cond-expr","locations":[{"start":{"line":43,"column":35},"end":{"line":43,"column":73}},{"start":{"line":43,"column":73},"end":{"line":43,"column":null}}],"line":43},"3":{"loc":{"start":{"line":43,"column":35},"end":{"line":43,"column":73}},"type":"binary-expr","locations":[{"start":{"line":43,"column":35},"end":{"line":43,"column":67}},{"start":{"line":43,"column":67},"end":{"line":43,"column":73}}],"line":43},"4":{"loc":{"start":{"line":64,"column":26},"end":{"line":64,"column":57}},"type":"binary-expr","locations":[{"start":{"line":64,"column":26},"end":{"line":64,"column":34}},{"start":{"line":64,"column":34},"end":{"line":64,"column":57}}],"line":64},"5":{"loc":{"start":{"line":65,"column":21},"end":{"line":67,"column":null}},"type":"cond-expr","locations":[{"start":{"line":66,"column":6},"end":{"line":66,"column":null}},{"start":{"line":67,"column":6},"end":{"line":67,"column":null}}],"line":65},"6":{"loc":{"start":{"line":66,"column":28},"end":{"line":66,"column":39}},"type":"binary-expr","locations":[{"start":{"line":66,"column":28},"end":{"line":66,"column":36}},{"start":{"line":66,"column":36},"end":{"line":66,"column":39}}],"line":66},"7":{"loc":{"start":{"line":69,"column":19},"end":{"line":69,"column":null}},"type":"cond-expr","locations":[{"start":{"line":69,"column":29},"end":{"line":69,"column":52}},{"start":{"line":69,"column":55},"end":{"line":69,"column":null}}],"line":69},"8":{"loc":{"start":{"line":69,"column":41},"end":{"line":69,"column":52}},"type":"binary-expr","locations":[{"start":{"line":69,"column":41},"end":{"line":69,"column":49}},{"start":{"line":69,"column":49},"end":{"line":69,"column":52}}],"line":69},"9":{"loc":{"start":{"line":75,"column":7},"end":{"line":92,"column":null}},"type":"cond-expr","locations":[{"start":{"line":76,"column":8},"end":{"line":82,"column":null}},{"start":{"line":82,"column":10},"end":{"line":92,"column":null}}],"line":75},"10":{"loc":{"start":{"line":78,"column":15},"end":{"line":78,"column":null}},"type":"binary-expr","locations":[{"start":{"line":78,"column":15},"end":{"line":78,"column":22}},{"start":{"line":78,"column":22},"end":{"line":78,"column":30}},{"start":{"line":78,"column":30},"end":{"line":78,"column":null}}],"line":78},"11":{"loc":{"start":{"line":82,"column":10},"end":{"line":92,"column":null}},"type":"cond-expr","locations":[{"start":{"line":83,"column":8},"end":{"line":87,"column":9}},{"start":{"line":87,"column":8},"end":{"line":92,"column":null}}],"line":82},"12":{"loc":{"start":{"line":92,"column":7},"end":{"line":101,"column":null}},"type":"cond-expr","locations":[{"start":{"line":93,"column":8},"end":{"line":101,"column":null}},{"start":{"line":101,"column":10},"end":{"line":101,"column":null}}],"line":92},"13":{"loc":{"start":{"line":106,"column":39},"end":{"line":106,"column":71}},"type":"default-arg","locations":[{"start":{"line":106,"column":45},"end":{"line":106,"column":71}}],"line":106},"14":{"loc":{"start":{"line":109,"column":23},"end":{"line":109,"column":null}},"type":"binary-expr","locations":[{"start":{"line":109,"column":23},"end":{"line":109,"column":60}},{"start":{"line":109,"column":60},"end":{"line":109,"column":null}}],"line":109},"15":{"loc":{"start":{"line":110,"column":24},"end":{"line":110,"column":null}},"type":"binary-expr","locations":[{"start":{"line":110,"column":24},"end":{"line":110,"column":62}},{"start":{"line":110,"column":62},"end":{"line":110,"column":null}}],"line":110},"16":{"loc":{"start":{"line":116,"column":18},"end":{"line":116,"column":42}},"type":"binary-expr","locations":[{"start":{"line":116,"column":18},"end":{"line":116,"column":33}},{"start":{"line":116,"column":33},"end":{"line":116,"column":42}}],"line":116},"17":{"loc":{"start":{"line":123,"column":7},"end":{"line":135,"column":null}},"type":"cond-expr","locations":[{"start":{"line":124,"column":8},"end":{"line":135,"column":null}},{"start":{"line":135,"column":10},"end":{"line":135,"column":null}}],"line":123}},"s":{"0":1,"1":1,"2":4,"3":4,"4":4,"5":39,"6":39,"7":4,"8":1,"9":4,"10":4,"11":0,"12":4,"13":4,"14":4,"15":1,"16":1,"17":1,"18":6,"19":6,"20":6,"21":6,"22":1,"23":1,"24":1,"25":1,"26":1,"27":1,"28":2},"f":{"0":4,"1":4,"2":1,"3":6,"4":1,"5":2},"b":{"0":[0,4],"1":[4,0],"2":[4,0],"3":[4,0],"4":[6,4],"5":[4,2],"6":[4,0],"7":[4,2],"8":[4,0],"9":[1,5],"10":[1,0,0],"11":[4,1],"12":[1,5],"13":[1],"14":[1,0],"15":[1,0],"16":[2,0],"17":[1,0]},"meta":{"lastBranch":18,"lastFunction":6,"lastStatement":29,"seen":{"s:18:21:25:Infinity":0,"s:27:6:33:Infinity":1,"f:27:6:27:18":0,"s:28:13:28:Infinity":2,"s:29:2:31:Infinity":3,"s:29:19:29:22":4,"s:30:4:30:Infinity":5,"s:31:4:31:Infinity":6,"s:33:2:33:Infinity":7,"s:36:6:44:Infinity":8,"f:36:6:36:21":1,"s:37:16:37:56":9,"b:38:2:39:Infinity:undefined:undefined:undefined:undefined":0,"s:38:2:39:Infinity":10,"s:39:4:39:Infinity":11,"s:42:16:42:Infinity":12,"b:42:16:42:33:42:33:42:Infinity":1,"s:43:15:43:Infinity":13,"b:43:35:43:73:43:73:43:Infinity":2,"b:43:35:43:67:43:67:43:73":3,"s:44:2:44:Infinity":14,"s:47:6:53:Infinity":15,"f:47:6:47:Infinity":2,"s:48:2:53:Infinity":16,"s:56:13:101:Infinity":17,"f:56:13:56:23":3,"s:64:18:64:57":18,"b:64:26:64:34:64:34:64:57":4,"s:65:21:67:Infinity":19,"b:66:6:66:Infinity:67:6:67:Infinity":5,"b:66:28:66:36:66:36:66:39":6,"s:69:19:69:Infinity":20,"b:69:29:69:52:69:55:69:Infinity":7,"b:69:41:69:49:69:49:69:52":8,"s:71:2:101:Infinity":21,"b:76:8:82:Infinity:82:10:92:Infinity":9,"b:78:15:78:22:78:22:78:30:78:30:78:Infinity":10,"b:83:8:87:9:87:8:92:Infinity":11,"b:93:8:101:Infinity:101:10:101:Infinity":12,"s:106:13:135:Infinity":22,"f:106:13:106:28":4,"b:106:45:106:71":13,"s:107:18:107:39":23,"s:108:19:108:Infinity":24,"s:109:23:109:Infinity":25,"b:109:23:109:60:109:60:109:Infinity":14,"s:110:24:110:Infinity":26,"b:110:24:110:62:110:62:110:Infinity":15,"s:112:2:135:Infinity":27,"f:114:15:114:20":5,"s:115:8:120:Infinity":28,"b:116:18:116:33:116:33:116:42":16,"b:124:8:135:Infinity:135:10:135:Infinity":17}}}
,"C:\\Users\\malak_tkw20pj\\OneDrive\\Desktop\\portfolio\\Project1\\src\\components\\Avatar\\styles.module.css": {"path":"C:\\Users\\malak_tkw20pj\\OneDrive\\Desktop\\portfolio\\Project1\\src\\components\\Avatar\\styles.module.css","statementMap":{},"fnMap":{},"branchMap":{},"s":{},"f":{},"b":{},"meta":{"lastBranch":0,"lastFunction":0,"lastStatement":0,"seen":{}}}
,"C:\\Users\\malak_tkw20pj\\OneDrive\\Desktop\\portfolio\\Project1\\src\\components\\Badge\\index.tsx": {"path":"C:\\Users\\malak_tkw20pj\\OneDrive\\Desktop\\portfolio\\Project1\\src\\components\\Badge\\index.tsx","statementMap":{"0":{"start":{"line":15,"column":13},"end":{"line":51,"column":null}},"1":{"start":{"line":23,"column":20},"end":{"line":23,"column":50}},"2":{"start":{"line":25,"column":2},"end":{"line":51,"column":null}},"3":{"start":{"line":26,"column":43},"end":{"line":26,"column":55}},"4":{"start":{"line":42,"column":29},"end":{"line":42,"column":48}}},"fnMap":{"0":{"name":"(anonymous_0)","decl":{"start":{"line":15,"column":13},"end":{"line":15,"column":22}},"loc":{"start":{"line":22,"column":18},"end":{"line":51,"column":null}},"line":22},"1":{"name":"(anonymous_1)","decl":{"start":{"line":26,"column":21},"end":{"line":26,"column":43}},"loc":{"start":{"line":26,"column":43},"end":{"line":26,"column":55}},"line":26},"2":{"name":"(anonymous_2)","decl":{"start":{"line":42,"column":14},"end":{"line":42,"column":29}},"loc":{"start":{"line":42,"column":29},"end":{"line":42,"column":48}},"line":42}},"branchMap":{"0":{"loc":{"start":{"line":18,"column":2},"end":{"line":18,"column":null}},"type":"default-arg","locations":[{"start":{"line":18,"column":8},"end":{"line":18,"column":null}}],"line":18},"1":{"loc":{"start":{"line":19,"column":2},"end":{"line":19,"column":null}},"type":"default-arg","locations":[{"start":{"line":19,"column":14},"end":{"line":19,"column":null}}],"line":19},"2":{"loc":{"start":{"line":27,"column":7},"end":{"line":50,"column":null}},"type":"cond-expr","locations":[{"start":{"line":28,"column":8},"end":{"line":50,"column":null}},{"start":{"line":50,"column":10},"end":{"line":50,"column":null}}],"line":27},"3":{"loc":{"start":{"line":35,"column":11},"end":{"line":35,"column":null}},"type":"cond-expr","locations":[{"start":{"line":35,"column":17},"end":{"line":35,"column":null}},{"start":{"line":35,"column":70},"end":{"line":35,"column":null}}],"line":35},"4":{"loc":{"start":{"line":37,"column":11},"end":{"line":48,"column":null}},"type":"cond-expr","locations":[{"start":{"line":38,"column":12},"end":{"line":48,"column":null}},{"start":{"line":48,"column":14},"end":{"line":48,"column":null}}],"line":37}},"s":{"0":1,"1":4,"2":4,"3":1,"4":1},"f":{"0":4,"1":1,"2":1},"b":{"0":[4],"1":[4],"2":[3,1],"3":[1,2],"4":[1,2]},"meta":{"lastBranch":5,"lastFunction":3,"lastStatement":5,"seen":{"s:15:13:51:Infinity":0,"f:15:13:15:22":0,"b:18:8:18:Infinity":0,"b:19:14:19:Infinity":1,"s:23:20:23:50":1,"s:25:2:51:Infinity":2,"f:26:21:26:43":1,"s:26:43:26:55":3,"b:28:8:50:Infinity:50:10:50:Infinity":2,"b:35:17:35:Infinity:35:70:35:Infinity":3,"b:38:12:48:Infinity:48:14:48:Infinity":4,"f:42:14:42:29":2,"s:42:29:42:48":4}}}
,"C:\\Users\\malak_tkw20pj\\OneDrive\\Desktop\\portfolio\\Project1\\src\\components\\Badge\\styles.module.css": {"path":"C:\\Users\\malak_tkw20pj\\OneDrive\\Desktop\\portfolio\\Project1\\src\\components\\Badge\\styles.module.css","statementMap":{},"fnMap":{},"branchMap":{},"s":{},"f":{},"b":{},"meta":{"lastBranch":0,"lastFunction":0,"lastStatement":0,"seen":{}}}
,"C:\\Users\\malak_tkw20pj\\OneDrive\\Desktop\\portfolio\\Project1\\src\\components\\Button\\index.tsx": {"path":"C:\\Users\\malak_tkw20pj\\OneDrive\\Desktop\\portfolio\\Project1\\src\\components\\Button\\index.tsx","statementMap":{"0":{"start":{"line":15,"column":62},"end":{"line":19,"column":null}},"1":{"start":{"line":21,"column":13},"end":{"line":130,"column":null}},"2":{"start":{"line":45,"column":4},"end":{"line":45,"column":null}},"3":{"start":{"line":46,"column":4},"end":{"line":46,"column":null}},"4":{"start":{"line":47,"column":4},"end":{"line":47,"column":null}},"5":{"start":{"line":48,"column":4},"end":{"line":48,"column":null}},"6":{"start":{"line":49,"column":4},"end":{"line":49,"column":null}},"7":{"start":{"line":50,"column":4},"end":{"line":50,"column":null}},"8":{"start":{"line":52,"column":23},"end":{"line":52,"column":null}},"9":{"start":{"line":53,"column":26},"end":{"line":53,"column":null}},"10":{"start":{"line":55,"column":10},"end":{"line":61,"column":null}},"11":{"start":{"line":56,"column":6},"end":{"line":58,"column":null}},"12":{"start":{"line":57,"column":8},"end":{"line":57,"column":null}},"13":{"start":{"line":58,"column":8},"end":{"line":58,"column":null}},"14":{"start":{"line":61,"column":6},"end":{"line":61,"column":null}},"15":{"start":{"line":64,"column":4},"end":{"line":126,"column":null}},"16":{"start":{"line":132,"column":0},"end":{"line":132,"column":null}}},"fnMap":{"0":{"name":"(anonymous_0)","decl":{"start":{"line":21,"column":22},"end":{"line":21,"column":null}},"loc":{"start":{"line":44,"column":7},"end":{"line":130,"column":null}},"line":44},"1":{"name":"(anonymous_1)","decl":{"start":{"line":55,"column":10},"end":{"line":55,"column":69}},"loc":{"start":{"line":55,"column":79},"end":{"line":61,"column":null}},"line":55}},"branchMap":{"0":{"loc":{"start":{"line":26,"column":6},"end":{"line":26,"column":null}},"type":"default-arg","locations":[{"start":{"line":26,"column":18},"end":{"line":26,"column":null}}],"line":26},"1":{"loc":{"start":{"line":27,"column":6},"end":{"line":27,"column":null}},"type":"default-arg","locations":[{"start":{"line":27,"column":17},"end":{"line":27,"column":null}}],"line":27},"2":{"loc":{"start":{"line":28,"column":6},"end":{"line":28,"column":null}},"type":"default-arg","locations":[{"start":{"line":28,"column":18},"end":{"line":28,"column":null}}],"line":28},"3":{"loc":{"start":{"line":29,"column":6},"end":{"line":29,"column":null}},"type":"default-arg","locations":[{"start":{"line":29,"column":18},"end":{"line":29,"column":null}}],"line":29},"4":{"loc":{"start":{"line":30,"column":6},"end":{"line":30,"column":null}},"type":"default-arg","locations":[{"start":{"line":30,"column":17},"end":{"line":30,"column":null}}],"line":30},"5":{"loc":{"start":{"line":31,"column":6},"end":{"line":31,"column":null}},"type":"default-arg","locations":[{"start":{"line":31,"column":13},"end":{"line":31,"column":null}}],"line":31},"6":{"loc":{"start":{"line":52,"column":23},"end":{"line":52,"column":null}},"type":"binary-expr","locations":[{"start":{"line":52,"column":23},"end":{"line":52,"column":35}},{"start":{"line":52,"column":35},"end":{"line":52,"column":null}}],"line":52},"7":{"loc":{"start":{"line":56,"column":6},"end":{"line":58,"column":null}},"type":"if","locations":[{"start":{"line":56,"column":6},"end":{"line":58,"column":null}},{"start":{},"end":{}}],"line":56},"8":{"loc":{"start":{"line":72,"column":10},"end":{"line":72,"column":null}},"type":"binary-expr","locations":[{"start":{"line":72,"column":10},"end":{"line":72,"column":23}},{"start":{"line":72,"column":23},"end":{"line":72,"column":null}}],"line":72},"9":{"loc":{"start":{"line":76,"column":19},"end":{"line":76,"column":null}},"type":"binary-expr","locations":[{"start":{"line":76,"column":19},"end":{"line":76,"column":32}},{"start":{"line":76,"column":32},"end":{"line":76,"column":null}}],"line":76},"10":{"loc":{"start":{"line":77,"column":22},"end":{"line":77,"column":null}},"type":"cond-expr","locations":[{"start":{"line":77,"column":34},"end":{"line":77,"column":43}},{"start":{"line":77,"column":43},"end":{"line":77,"column":null}}],"line":77},"11":{"loc":{"start":{"line":78,"column":18},"end":{"line":78,"column":null}},"type":"cond-expr","locations":[{"start":{"line":78,"column":32},"end":{"line":78,"column":47}},{"start":{"line":78,"column":50},"end":{"line":78,"column":null}}],"line":78},"12":{"loc":{"start":{"line":83,"column":44},"end":{"line":83,"column":78}},"type":"binary-expr","locations":[{"start":{"line":83,"column":44},"end":{"line":83,"column":57}},{"start":{"line":83,"column":57},"end":{"line":83,"column":78}}],"line":83},"13":{"loc":{"start":{"line":84,"column":11},"end":{"line":86,"column":null}},"type":"cond-expr","locations":[{"start":{"line":85,"column":12},"end":{"line":86,"column":null}},{"start":{"line":86,"column":14},"end":{"line":86,"column":null}}],"line":84},"14":{"loc":{"start":{"line":88,"column":11},"end":{"line":90,"column":null}},"type":"cond-expr","locations":[{"start":{"line":89,"column":12},"end":{"line":90,"column":null}},{"start":{"line":90,"column":14},"end":{"line":90,"column":null}}],"line":88},"15":{"loc":{"start":{"line":94,"column":11},"end":{"line":125,"column":null}},"type":"cond-expr","locations":[{"start":{"line":95,"column":12},"end":{"line":125,"column":null}},{"start":{"line":125,"column":14},"end":{"line":125,"column":null}}],"line":94}},"s":{"0":1,"1":1,"2":10,"3":10,"4":10,"5":10,"6":10,"7":10,"8":10,"9":10,"10":10,"11":1,"12":0,"13":0,"14":1,"15":10,"16":1},"f":{"0":10,"1":1},"b":{"0":[10],"1":[10],"2":[10],"3":[10],"4":[10],"5":[10],"6":[10,9],"7":[0,1],"8":[10,1],"9":[10,8],"10":[2,8],"11":[7,3],"12":[10,2],"13":[0,10],"14":[0,10],"15":[2,8]},"meta":{"lastBranch":16,"lastFunction":2,"lastStatement":17,"seen":{"s:15:62:19:Infinity":0,"s:21:13:130:Infinity":1,"f:21:22:21:Infinity":0,"b:26:18:26:Infinity":0,"b:27:17:27:Infinity":1,"b:28:18:28:Infinity":2,"b:29:18:29:Infinity":3,"b:30:17:30:Infinity":4,"b:31:13:31:Infinity":5,"s:45:4:45:Infinity":2,"s:46:4:46:Infinity":3,"s:47:4:47:Infinity":4,"s:48:4:48:Infinity":5,"s:49:4:49:Infinity":6,"s:50:4:50:Infinity":7,"s:52:23:52:Infinity":8,"b:52:23:52:35:52:35:52:Infinity":6,"s:53:26:53:Infinity":9,"s:55:10:61:Infinity":10,"f:55:10:55:69":1,"b:56:6:58:Infinity:undefined:undefined:undefined:undefined":7,"s:56:6:58:Infinity":11,"s:57:8:57:Infinity":12,"s:58:8:58:Infinity":13,"s:61:6:61:Infinity":14,"s:64:4:126:Infinity":15,"b:72:10:72:23:72:23:72:Infinity":8,"b:76:19:76:32:76:32:76:Infinity":9,"b:77:34:77:43:77:43:77:Infinity":10,"b:78:32:78:47:78:50:78:Infinity":11,"b:83:44:83:57:83:57:83:78":12,"b:85:12:86:Infinity:86:14:86:Infinity":13,"b:89:12:90:Infinity:90:14:90:Infinity":14,"b:95:12:125:Infinity:125:14:125:Infinity":15,"s:132:0:132:Infinity":16}}}
,"C:\\Users\\malak_tkw20pj\\OneDrive\\Desktop\\portfolio\\Project1\\src\\components\\Button\\styles.module.css": {"path":"C:\\Users\\malak_tkw20pj\\OneDrive\\Desktop\\portfolio\\Project1\\src\\components\\Button\\styles.module.css","statementMap":{},"fnMap":{},"branchMap":{},"s":{},"f":{},"b":{},"meta":{"lastBranch":0,"lastFunction":0,"lastStatement":0,"seen":{}}}
,"C:\\Users\\malak_tkw20pj\\OneDrive\\Desktop\\portfolio\\Project1\\src\\components\\Card\\index.tsx": {"path":"C:\\Users\\malak_tkw20pj\\OneDrive\\Desktop\\portfolio\\Project1\\src\\components\\Card\\index.tsx","statementMap":{"0":{"start":{"line":22,"column":6},"end":{"line":23,"column":null}},"1":{"start":{"line":23,"column":2},"end":{"line":23,"column":null}},"2":{"start":{"line":26,"column":6},"end":{"line":27,"column":null}},"3":{"start":{"line":27,"column":2},"end":{"line":27,"column":null}},"4":{"start":{"line":30,"column":6},"end":{"line":31,"column":null}},"5":{"start":{"line":31,"column":2},"end":{"line":31,"column":null}},"6":{"start":{"line":34,"column":6},"end":{"line":52,"column":null}},"7":{"start":{"line":40,"column":2},"end":{"line":52,"column":null}},"8":{"start":{"line":64,"column":6},"end":{"line":122,"column":null}},"9":{"start":{"line":86,"column":4},"end":{"line":86,"column":null}},"10":{"start":{"line":87,"column":4},"end":{"line":87,"column":null}},"11":{"start":{"line":88,"column":4},"end":{"line":88,"column":null}},"12":{"start":{"line":89,"column":4},"end":{"line":89,"column":null}},"13":{"start":{"line":90,"column":4},"end":{"line":90,"column":null}},"14":{"start":{"line":91,"column":4},"end":{"line":91,"column":null}},"15":{"start":{"line":93,"column":10},"end":{"line":99,"column":null}},"16":{"start":{"line":94,"column":6},"end":{"line":96,"column":null}},"17":{"start":{"line":95,"column":8},"end":{"line":95,"column":null}},"18":{"start":{"line":96,"column":8},"end":{"line":96,"column":null}},"19":{"start":{"line":99,"column":6},"end":{"line":99,"column":null}},"20":{"start":{"line":102,"column":4},"end":{"line":119,"column":null}},"21":{"start":{"line":124,"column":0},"end":{"line":124,"column":null}},"22":{"start":{"line":126,"column":0},"end":{"line":126,"column":null}},"23":{"start":{"line":127,"column":0},"end":{"line":127,"column":null}},"24":{"start":{"line":128,"column":0},"end":{"line":128,"column":null}},"25":{"start":{"line":129,"column":0},"end":{"line":129,"column":null}},"26":{"start":{"line":131,"column":20},"end":{"line":131,"column":null}}},"fnMap":{"0":{"name":"(anonymous_0)","decl":{"start":{"line":22,"column":6},"end":{"line":22,"column":20}},"loc":{"start":{"line":23,"column":2},"end":{"line":23,"column":null}},"line":23},"1":{"name":"(anonymous_1)","decl":{"start":{"line":26,"column":6},"end":{"line":26,"column":18}},"loc":{"start":{"line":27,"column":2},"end":{"line":27,"column":null}},"line":27},"2":{"name":"(anonymous_2)","decl":{"start":{"line":30,"column":6},"end":{"line":30,"column":20}},"loc":{"start":{"line":31,"column":2},"end":{"line":31,"column":null}},"line":31},"3":{"name":"(anonymous_3)","decl":{"start":{"line":34,"column":6},"end":{"line":34,"column":19}},"loc":{"start":{"line":40,"column":2},"end":{"line":52,"column":null}},"line":40},"4":{"name":"(anonymous_4)","decl":{"start":{"line":64,"column":17},"end":{"line":64,"column":null}},"loc":{"start":{"line":85,"column":7},"end":{"line":122,"column":null}},"line":85},"5":{"name":"(anonymous_5)","decl":{"start":{"line":93,"column":10},"end":{"line":93,"column":27}},"loc":{"start":{"line":93,"column":68},"end":{"line":99,"column":null}},"line":93}},"branchMap":{"0":{"loc":{"start":{"line":37,"column":2},"end":{"line":37,"column":null}},"type":"default-arg","locations":[{"start":{"line":37,"column":16},"end":{"line":37,"column":null}}],"line":37},"1":{"loc":{"start":{"line":38,"column":2},"end":{"line":38,"column":null}},"type":"default-arg","locations":[{"start":{"line":38,"column":14},"end":{"line":38,"column":null}}],"line":38},"2":{"loc":{"start":{"line":68,"column":6},"end":{"line":68,"column":null}},"type":"default-arg","locations":[{"start":{"line":68,"column":20},"end":{"line":68,"column":null}}],"line":68},"3":{"loc":{"start":{"line":69,"column":6},"end":{"line":69,"column":null}},"type":"default-arg","locations":[{"start":{"line":69,"column":20},"end":{"line":69,"column":null}}],"line":69},"4":{"loc":{"start":{"line":70,"column":6},"end":{"line":70,"column":null}},"type":"default-arg","locations":[{"start":{"line":70,"column":16},"end":{"line":70,"column":null}}],"line":70},"5":{"loc":{"start":{"line":94,"column":6},"end":{"line":96,"column":null}},"type":"if","locations":[{"start":{"line":94,"column":6},"end":{"line":96,"column":null}},{"start":{},"end":{}}],"line":94},"6":{"loc":{"start":{"line":94,"column":10},"end":{"line":94,"column":71}},"type":"binary-expr","locations":[{"start":{"line":94,"column":10},"end":{"line":94,"column":26}},{"start":{"line":94,"column":26},"end":{"line":94,"column":51}},{"start":{"line":94,"column":51},"end":{"line":94,"column":71}}],"line":94},"7":{"loc":{"start":{"line":109,"column":10},"end":{"line":109,"column":null}},"type":"binary-expr","locations":[{"start":{"line":109,"column":10},"end":{"line":109,"column":25}},{"start":{"line":109,"column":25},"end":{"line":109,"column":null}}],"line":109},"8":{"loc":{"start":{"line":110,"column":10},"end":{"line":110,"column":null}},"type":"binary-expr","locations":[{"start":{"line":110,"column":10},"end":{"line":110,"column":25}},{"start":{"line":110,"column":25},"end":{"line":110,"column":null}}],"line":110},"9":{"loc":{"start":{"line":113,"column":14},"end":{"line":113,"column":null}},"type":"cond-expr","locations":[{"start":{"line":113,"column":29},"end":{"line":113,"column":49}},{"start":{"line":113,"column":49},"end":{"line":113,"column":null}}],"line":113},"10":{"loc":{"start":{"line":113,"column":29},"end":{"line":113,"column":49}},"type":"binary-expr","locations":[{"start":{"line":113,"column":29},"end":{"line":113,"column":37}},{"start":{"line":113,"column":37},"end":{"line":113,"column":49}}],"line":113},"11":{"loc":{"start":{"line":114,"column":18},"end":{"line":114,"column":null}},"type":"cond-expr","locations":[{"start":{"line":114,"column":33},"end":{"line":114,"column":50}},{"start":{"line":114,"column":50},"end":{"line":114,"column":null}}],"line":114},"12":{"loc":{"start":{"line":114,"column":33},"end":{"line":114,"column":50}},"type":"binary-expr","locations":[{"start":{"line":114,"column":33},"end":{"line":114,"column":45}},{"start":{"line":114,"column":45},"end":{"line":114,"column":50}}],"line":114},"13":{"loc":{"start":{"line":115,"column":18},"end":{"line":115,"column":null}},"type":"cond-expr","locations":[{"start":{"line":115,"column":32},"end":{"line":115,"column":47}},{"start":{"line":115,"column":50},"end":{"line":115,"column":null}}],"line":115}},"s":{"0":1,"1":1,"2":1,"3":4,"4":1,"5":1,"6":1,"7":1,"8":1,"9":5,"10":5,"11":5,"12":5,"13":5,"14":5,"15":5,"16":2,"17":2,"18":2,"19":2,"20":5,"21":1,"22":1,"23":1,"24":1,"25":1,"26":1},"f":{"0":1,"1":4,"2":1,"3":1,"4":5,"5":2},"b":{"0":[1],"1":[1],"2":[5],"3":[5],"4":[5],"5":[2,0],"6":[2,2,1],"7":[5,0],"8":[5,2],"9":[2,3],"10":[2,2],"11":[2,3],"12":[2,2],"13":[2,3]},"meta":{"lastBranch":14,"lastFunction":6,"lastStatement":27,"seen":{"s:22:6:23:Infinity":0,"f:22:6:22:20":0,"s:23:2:23:Infinity":1,"s:26:6:27:Infinity":2,"f:26:6:26:18":1,"s:27:2:27:Infinity":3,"s:30:6:31:Infinity":4,"f:30:6:30:20":2,"s:31:2:31:Infinity":5,"s:34:6:52:Infinity":6,"f:34:6:34:19":3,"s:40:2:52:Infinity":7,"b:37:16:37:Infinity":0,"b:38:14:38:Infinity":1,"s:64:6:122:Infinity":8,"f:64:17:64:Infinity":4,"b:68:20:68:Infinity":2,"b:69:20:69:Infinity":3,"b:70:16:70:Infinity":4,"s:86:4:86:Infinity":9,"s:87:4:87:Infinity":10,"s:88:4:88:Infinity":11,"s:89:4:89:Infinity":12,"s:90:4:90:Infinity":13,"s:91:4:91:Infinity":14,"s:93:10:99:Infinity":15,"f:93:10:93:27":5,"b:94:6:96:Infinity:undefined:undefined:undefined:undefined":5,"s:94:6:96:Infinity":16,"b:94:10:94:26:94:26:94:51:94:51:94:71":6,"s:95:8:95:Infinity":17,"s:96:8:96:Infinity":18,"s:99:6:99:Infinity":19,"s:102:4:119:Infinity":20,"b:109:10:109:25:109:25:109:Infinity":7,"b:110:10:110:25:110:25:110:Infinity":8,"b:113:29:113:49:113:49:113:Infinity":9,"b:113:29:113:37:113:37:113:49":10,"b:114:33:114:50:114:50:114:Infinity":11,"b:114:33:114:45:114:45:114:50":12,"b:115:32:115:47:115:50:115:Infinity":13,"s:124:0:124:Infinity":21,"s:126:0:126:Infinity":22,"s:127:0:127:Infinity":23,"s:128:0:128:Infinity":24,"s:129:0:129:Infinity":25,"s:131:20:131:Infinity":26}}}
,"C:\\Users\\malak_tkw20pj\\OneDrive\\Desktop\\portfolio\\Project1\\src\\components\\Card\\styles.module.css": {"path":"C:\\Users\\malak_tkw20pj\\OneDrive\\Desktop\\portfolio\\Project1\\src\\components\\Card\\styles.module.css","statementMap":{},"fnMap":{},"branchMap":{},"s":{},"f":{},"b":{},"meta":{"lastBranch":0,"lastFunction":0,"lastStatement":0,"seen":{}}}
,"C:\\Users\\malak_tkw20pj\\OneDrive\\Desktop\\portfolio\\Project1\\src\\components\\Input\\index.tsx": {"path":"C:\\Users\\malak_tkw20pj\\OneDrive\\Desktop\\portfolio\\Project1\\src\\components\\Input\\index.tsx","statementMap":{"0":{"start":{"line":20,"column":6},"end":{"line":30,"column":null}},"1":{"start":{"line":21,"column":2},"end":{"line":30,"column":null}},"2":{"start":{"line":33,"column":6},"end":{"line":43,"column":null}},"3":{"start":{"line":34,"column":2},"end":{"line":43,"column":null}},"4":{"start":{"line":46,"column":13},"end":{"line":148,"column":null}},"5":{"start":{"line":67,"column":10},"end":{"line":67,"column":50}},"6":{"start":{"line":68,"column":21},"end":{"line":68,"column":null}},"7":{"start":{"line":69,"column":20},"end":{"line":69,"column":null}},"8":{"start":{"line":71,"column":27},"end":{"line":77,"column":16}},"9":{"start":{"line":79,"column":22},"end":{"line":79,"column":56}},"10":{"start":{"line":80,"column":23},"end":{"line":80,"column":56}},"11":{"start":{"line":81,"column":28},"end":{"line":81,"column":null}},"12":{"start":{"line":82,"column":25},"end":{"line":82,"column":null}},"13":{"start":{"line":83,"column":29},"end":{"line":83,"column":null}},"14":{"start":{"line":84,"column":30},"end":{"line":84,"column":null}},"15":{"start":{"line":86,"column":4},"end":{"line":144,"column":null}},"16":{"start":{"line":150,"column":0},"end":{"line":150,"column":null}}},"fnMap":{"0":{"name":"(anonymous_0)","decl":{"start":{"line":20,"column":6},"end":{"line":20,"column":null}},"loc":{"start":{"line":21,"column":2},"end":{"line":30,"column":null}},"line":21},"1":{"name":"(anonymous_1)","decl":{"start":{"line":33,"column":6},"end":{"line":33,"column":null}},"loc":{"start":{"line":34,"column":2},"end":{"line":43,"column":null}},"line":34},"2":{"name":"(anonymous_2)","decl":{"start":{"line":46,"column":21},"end":{"line":46,"column":null}},"loc":{"start":{"line":66,"column":7},"end":{"line":148,"column":null}},"line":66}},"branchMap":{"0":{"loc":{"start":{"line":55,"column":6},"end":{"line":55,"column":null}},"type":"default-arg","locations":[{"start":{"line":55,"column":18},"end":{"line":55,"column":null}}],"line":55},"1":{"loc":{"start":{"line":56,"column":6},"end":{"line":56,"column":null}},"type":"default-arg","locations":[{"start":{"line":56,"column":18},"end":{"line":56,"column":null}}],"line":56},"2":{"loc":{"start":{"line":58,"column":6},"end":{"line":58,"column":null}},"type":"default-arg","locations":[{"start":{"line":58,"column":17},"end":{"line":58,"column":null}}],"line":58},"3":{"loc":{"start":{"line":73,"column":6},"end":{"line":73,"column":null}},"type":"cond-expr","locations":[{"start":{"line":73,"column":34},"end":{"line":73,"column":44}},{"start":{"line":73,"column":44},"end":{"line":73,"column":null}}],"line":73},"4":{"loc":{"start":{"line":73,"column":6},"end":{"line":73,"column":34}},"type":"binary-expr","locations":[{"start":{"line":73,"column":6},"end":{"line":73,"column":19}},{"start":{"line":73,"column":19},"end":{"line":73,"column":34}}],"line":73},"5":{"loc":{"start":{"line":74,"column":6},"end":{"line":74,"column":null}},"type":"cond-expr","locations":[{"start":{"line":74,"column":33},"end":{"line":74,"column":44}},{"start":{"line":74,"column":44},"end":{"line":74,"column":null}}],"line":74},"6":{"loc":{"start":{"line":74,"column":6},"end":{"line":74,"column":33}},"type":"binary-expr","locations":[{"start":{"line":74,"column":6},"end":{"line":74,"column":20}},{"start":{"line":74,"column":20},"end":{"line":74,"column":33}}],"line":74},"7":{"loc":{"start":{"line":79,"column":22},"end":{"line":79,"column":56}},"type":"binary-expr","locations":[{"start":{"line":79,"column":22},"end":{"line":79,"column":35}},{"start":{"line":79,"column":35},"end":{"line":79,"column":56}}],"line":79},"8":{"loc":{"start":{"line":80,"column":23},"end":{"line":80,"column":56}},"type":"binary-expr","locations":[{"start":{"line":80,"column":23},"end":{"line":80,"column":37}},{"start":{"line":80,"column":37},"end":{"line":80,"column":56}}],"line":80},"9":{"loc":{"start":{"line":81,"column":28},"end":{"line":81,"column":null}},"type":"binary-expr","locations":[{"start":{"line":81,"column":28},"end":{"line":81,"column":41}},{"start":{"line":81,"column":41},"end":{"line":81,"column":null}}],"line":81},"10":{"loc":{"start":{"line":82,"column":25},"end":{"line":82,"column":null}},"type":"cond-expr","locations":[{"start":{"line":82,"column":43},"end":{"line":82,"column":null}},{"start":{"line":82,"column":61},"end":{"line":82,"column":null}}],"line":82},"11":{"loc":{"start":{"line":83,"column":29},"end":{"line":83,"column":null}},"type":"cond-expr","locations":[{"start":{"line":83,"column":37},"end":{"line":83,"column":43}},{"start":{"line":83,"column":43},"end":{"line":83,"column":null}}],"line":83},"12":{"loc":{"start":{"line":84,"column":30},"end":{"line":84,"column":null}},"type":"binary-expr","locations":[{"start":{"line":84,"column":30},"end":{"line":84,"column":43}},{"start":{"line":84,"column":43},"end":{"line":84,"column":52}},{"start":{"line":84,"column":52},"end":{"line":84,"column":67}},{"start":{"line":84,"column":67},"end":{"line":84,"column":null}}],"line":84},"13":{"loc":{"start":{"line":91,"column":10},"end":{"line":91,"column":null}},"type":"binary-expr","locations":[{"start":{"line":91,"column":10},"end":{"line":91,"column":19}},{"start":{"line":91,"column":19},"end":{"line":91,"column":null}}],"line":91},"14":{"loc":{"start":{"line":92,"column":10},"end":{"line":92,"column":null}},"type":"binary-expr","locations":[{"start":{"line":92,"column":10},"end":{"line":92,"column":23}},{"start":{"line":92,"column":23},"end":{"line":92,"column":null}}],"line":92},"15":{"loc":{"start":{"line":93,"column":10},"end":{"line":93,"column":null}},"type":"binary-expr","locations":[{"start":{"line":93,"column":10},"end":{"line":93,"column":29}},{"start":{"line":93,"column":29},"end":{"line":93,"column":null}}],"line":93},"16":{"loc":{"start":{"line":94,"column":10},"end":{"line":94,"column":null}},"type":"binary-expr","locations":[{"start":{"line":94,"column":10},"end":{"line":94,"column":22}},{"start":{"line":94,"column":22},"end":{"line":94,"column":null}}],"line":94},"17":{"loc":{"start":{"line":99,"column":11},"end":{"line":103,"column":null}},"type":"cond-expr","locations":[{"start":{"line":100,"column":12},"end":{"line":103,"column":null}},{"start":{"line":103,"column":14},"end":{"line":103,"column":null}}],"line":99},"18":{"loc":{"start":{"line":114,"column":28},"end":{"line":114,"column":null}},"type":"binary-expr","locations":[{"start":{"line":114,"column":28},"end":{"line":114,"column":41}},{"start":{"line":114,"column":41},"end":{"line":114,"column":null}}],"line":114},"19":{"loc":{"start":{"line":115,"column":32},"end":{"line":115,"column":null}},"type":"binary-expr","locations":[{"start":{"line":115,"column":32},"end":{"line":115,"column":50}},{"start":{"line":115,"column":50},"end":{"line":115,"column":null}}],"line":115},"20":{"loc":{"start":{"line":117,"column":13},"end":{"line":121,"column":null}},"type":"cond-expr","locations":[{"start":{"line":118,"column":14},"end":{"line":121,"column":null}},{"start":{"line":121,"column":16},"end":{"line":121,"column":null}}],"line":117},"21":{"loc":{"start":{"line":124,"column":11},"end":{"line":128,"column":null}},"type":"cond-expr","locations":[{"start":{"line":125,"column":12},"end":{"line":128,"column":null}},{"start":{"line":128,"column":14},"end":{"line":128,"column":null}}],"line":124},"22":{"loc":{"start":{"line":131,"column":9},"end":{"line":138,"column":null}},"type":"cond-expr","locations":[{"start":{"line":132,"column":10},"end":{"line":138,"column":null}},{"start":{"line":138,"column":12},"end":{"line":138,"column":null}}],"line":131},"23":{"loc":{"start":{"line":140,"column":9},"end":{"line":144,"column":null}},"type":"cond-expr","locations":[{"start":{"line":141,"column":10},"end":{"line":144,"column":null}},{"start":{"line":144,"column":12},"end":{"line":144,"column":null}}],"line":140}},"s":{"0":1,"1":1,"2":1,"3":0,"4":1,"5":5,"6":5,"7":5,"8":5,"9":5,"10":5,"11":5,"12":5,"13":5,"14":5,"15":5,"16":1},"f":{"0":1,"1":0,"2":5},"b":{"0":[5],"1":[5],"2":[5],"3":[1,4],"4":[5,1],"5":[0,5],"6":[5,4],"7":[5,1],"8":[5,4],"9":[5,0],"10":[0,5],"11":[3,2],"12":[5,3,0,0],"13":[5,3],"14":[5,1],"15":[5,0],"16":[5,0],"17":[0,5],"18":[5,4],"19":[5,4],"20":[3,2],"21":[0,5],"22":[1,4],"23":[0,5]},"meta":{"lastBranch":24,"lastFunction":3,"lastStatement":17,"seen":{"s:20:6:30:Infinity":0,"f:20:6:20:Infinity":0,"s:21:2:30:Infinity":1,"s:33:6:43:Infinity":2,"f:33:6:33:Infinity":1,"s:34:2:43:Infinity":3,"s:46:13:148:Infinity":4,"f:46:21:46:Infinity":2,"b:55:18:55:Infinity":0,"b:56:18:56:Infinity":1,"b:58:17:58:Infinity":2,"s:67:10:67:50":5,"s:68:21:68:Infinity":6,"s:69:20:69:Infinity":7,"s:71:27:77:16":8,"b:73:34:73:44:73:44:73:Infinity":3,"b:73:6:73:19:73:19:73:34":4,"b:74:33:74:44:74:44:74:Infinity":5,"b:74:6:74:20:74:20:74:33":6,"s:79:22:79:56":9,"b:79:22:79:35:79:35:79:56":7,"s:80:23:80:56":10,"b:80:23:80:37:80:37:80:56":8,"s:81:28:81:Infinity":11,"b:81:28:81:41:81:41:81:Infinity":9,"s:82:25:82:Infinity":12,"b:82:43:82:Infinity:82:61:82:Infinity":10,"s:83:29:83:Infinity":13,"b:83:37:83:43:83:43:83:Infinity":11,"s:84:30:84:Infinity":14,"b:84:30:84:43:84:43:84:52:84:52:84:67:84:67:84:Infinity":12,"s:86:4:144:Infinity":15,"b:91:10:91:19:91:19:91:Infinity":13,"b:92:10:92:23:92:23:92:Infinity":14,"b:93:10:93:29:93:29:93:Infinity":15,"b:94:10:94:22:94:22:94:Infinity":16,"b:100:12:103:Infinity:103:14:103:Infinity":17,"b:114:28:114:41:114:41:114:Infinity":18,"b:115:32:115:50:115:50:115:Infinity":19,"b:118:14:121:Infinity:121:16:121:Infinity":20,"b:125:12:128:Infinity:128:14:128:Infinity":21,"b:132:10:138:Infinity:138:12:138:Infinity":22,"b:141:10:144:Infinity:144:12:144:Infinity":23,"s:150:0:150:Infinity":16}}}
,"C:\\Users\\malak_tkw20pj\\OneDrive\\Desktop\\portfolio\\Project1\\src\\components\\Input\\styles.module.css": {"path":"C:\\Users\\malak_tkw20pj\\OneDrive\\Desktop\\portfolio\\Project1\\src\\components\\Input\\styles.module.css","statementMap":{},"fnMap":{},"branchMap":{},"s":{},"f":{},"b":{},"meta":{"lastBranch":0,"lastFunction":0,"lastStatement":0,"seen":{}}}
,"C:\\Users\\malak_tkw20pj\\OneDrive\\Desktop\\portfolio\\Project1\\src\\components\\Modal\\index.tsx": {"path":"C:\\Users\\malak_tkw20pj\\OneDrive\\Desktop\\portfolio\\Project1\\src\\components\\Modal\\index.tsx","statementMap":{"0":{"start":{"line":22,"column":20},"end":{"line":22,"column":null}},"1":{"start":{"line":23,"column":27},"end":{"line":23,"column":null}},"2":{"start":{"line":24,"column":31},"end":{"line":24,"column":null}},"3":{"start":{"line":26,"column":6},"end":{"line":43,"column":null}},"4":{"start":{"line":27,"column":2},"end":{"line":28,"column":null}},"5":{"start":{"line":28,"column":4},"end":{"line":28,"column":null}},"6":{"start":{"line":31,"column":2},"end":{"line":39,"column":null}},"7":{"start":{"line":33,"column":6},"end":{"line":33,"column":null}},"8":{"start":{"line":34,"column":4},"end":{"line":34,"column":null}},"9":{"start":{"line":35,"column":4},"end":{"line":35,"column":null}},"10":{"start":{"line":37,"column":4},"end":{"line":37,"column":null}},"11":{"start":{"line":38,"column":4},"end":{"line":39,"column":null}},"12":{"start":{"line":39,"column":6},"end":{"line":39,"column":null}},"13":{"start":{"line":43,"column":2},"end":{"line":43,"column":null}},"14":{"start":{"line":46,"column":6},"end":{"line":54,"column":null}},"15":{"start":{"line":47,"column":2},"end":{"line":48,"column":null}},"16":{"start":{"line":48,"column":4},"end":{"line":48,"column":null}},"17":{"start":{"line":51,"column":2},"end":{"line":51,"column":null}},"18":{"start":{"line":52,"column":2},"end":{"line":54,"column":null}},"19":{"start":{"line":53,"column":4},"end":{"line":53,"column":null}},"20":{"start":{"line":54,"column":4},"end":{"line":54,"column":null}},"21":{"start":{"line":58,"column":13},"end":{"line":206,"column":null}},"22":{"start":{"line":70,"column":8},"end":{"line":70,"column":50}},"23":{"start":{"line":71,"column":8},"end":{"line":71,"column":62}},"24":{"start":{"line":72,"column":8},"end":{"line":72,"column":55}},"25":{"start":{"line":73,"column":8},"end":{"line":73,"column":68}},"26":{"start":{"line":75,"column":2},"end":{"line":105,"column":null}},"27":{"start":{"line":76,"column":4},"end":{"line":77,"column":null}},"28":{"start":{"line":77,"column":6},"end":{"line":77,"column":null}},"29":{"start":{"line":80,"column":4},"end":{"line":81,"column":null}},"30":{"start":{"line":82,"column":4},"end":{"line":82,"column":null}},"31":{"start":{"line":84,"column":25},"end":{"line":98,"column":9}},"32":{"start":{"line":85,"column":27},"end":{"line":85,"column":null}},"33":{"start":{"line":86,"column":6},"end":{"line":87,"column":null}},"34":{"start":{"line":87,"column":8},"end":{"line":87,"column":null}},"35":{"start":{"line":90,"column":12},"end":{"line":90,"column":66}},"36":{"start":{"line":91,"column":29},"end":{"line":91,"column":null}},"37":{"start":{"line":92,"column":6},"end":{"line":94,"column":null}},"38":{"start":{"line":93,"column":8},"end":{"line":93,"column":null}},"39":{"start":{"line":94,"column":8},"end":{"line":94,"column":null}},"40":{"start":{"line":97,"column":6},"end":{"line":97,"column":null}},"41":{"start":{"line":100,"column":4},"end":{"line":103,"column":null}},"42":{"start":{"line":101,"column":6},"end":{"line":101,"column":null}},"43":{"start":{"line":102,"column":6},"end":{"line":102,"column":null}},"44":{"start":{"line":103,"column":6},"end":{"line":103,"column":null}},"45":{"start":{"line":107,"column":2},"end":{"line":122,"column":null}},"46":{"start":{"line":108,"column":4},"end":{"line":109,"column":null}},"47":{"start":{"line":109,"column":6},"end":{"line":109,"column":null}},"48":{"start":{"line":112,"column":10},"end":{"line":114,"column":null}},"49":{"start":{"line":113,"column":6},"end":{"line":114,"column":null}},"50":{"start":{"line":114,"column":8},"end":{"line":114,"column":null}},"51":{"start":{"line":118,"column":4},"end":{"line":118,"column":null}},"52":{"start":{"line":119,"column":4},"end":{"line":120,"column":null}},"53":{"start":{"line":120,"column":6},"end":{"line":120,"column":null}},"54":{"start":{"line":124,"column":2},"end":{"line":125,"column":null}},"55":{"start":{"line":125,"column":4},"end":{"line":125,"column":null}},"56":{"start":{"line":128,"column":2},"end":{"line":206,"column":null}},"57":{"start":{"line":139,"column":12},"end":{"line":140,"column":null}},"58":{"start":{"line":140,"column":14},"end":{"line":140,"column":null}}},"fnMap":{"0":{"name":"(anonymous_0)","decl":{"start":{"line":26,"column":6},"end":{"line":26,"column":29}},"loc":{"start":{"line":26,"column":29},"end":{"line":43,"column":null}},"line":26},"1":{"name":"(anonymous_1)","decl":{"start":{"line":46,"column":6},"end":{"line":46,"column":31}},"loc":{"start":{"line":46,"column":31},"end":{"line":54,"column":null}},"line":46},"2":{"name":"(anonymous_2)","decl":{"start":{"line":58,"column":13},"end":{"line":58,"column":22}},"loc":{"start":{"line":69,"column":18},"end":{"line":206,"column":null}},"line":69},"3":{"name":"(anonymous_3)","decl":{"start":{"line":75,"column":2},"end":{"line":75,"column":18}},"loc":{"start":{"line":75,"column":18},"end":{"line":105,"column":6}},"line":75},"4":{"name":"(anonymous_4)","decl":{"start":{"line":84,"column":32},"end":{"line":84,"column":49}},"loc":{"start":{"line":84,"column":49},"end":{"line":98,"column":9}},"line":84},"5":{"name":"(anonymous_5)","decl":{"start":{"line":100,"column":4},"end":{"line":100,"column":17}},"loc":{"start":{"line":100,"column":17},"end":{"line":103,"column":null}},"line":100},"6":{"name":"(anonymous_6)","decl":{"start":{"line":107,"column":2},"end":{"line":107,"column":18}},"loc":{"start":{"line":107,"column":18},"end":{"line":122,"column":6}},"line":107},"7":{"name":"(anonymous_7)","decl":{"start":{"line":112,"column":10},"end":{"line":112,"column":26}},"loc":{"start":{"line":112,"column":51},"end":{"line":114,"column":null}},"line":112},"8":{"name":"(anonymous_8)","decl":{"start":{"line":119,"column":4},"end":{"line":119,"column":17}},"loc":{"start":{"line":119,"column":17},"end":{"line":120,"column":null}},"line":119},"9":{"name":"(anonymous_9)","decl":{"start":{"line":138,"column":10},"end":{"line":138,"column":20}},"loc":{"start":{"line":138,"column":30},"end":{"line":140,"column":null}},"line":138}},"branchMap":{"0":{"loc":{"start":{"line":27,"column":2},"end":{"line":28,"column":null}},"type":"if","locations":[{"start":{"line":27,"column":2},"end":{"line":28,"column":null}},{"start":{},"end":{}}],"line":27},"1":{"loc":{"start":{"line":31,"column":2},"end":{"line":39,"column":null}},"type":"if","locations":[{"start":{"line":31,"column":2},"end":{"line":39,"column":null}},{"start":{},"end":{}}],"line":31},"2":{"loc":{"start":{"line":38,"column":4},"end":{"line":39,"column":null}},"type":"if","locations":[{"start":{"line":38,"column":4},"end":{"line":39,"column":null}},{"start":{},"end":{}}],"line":38},"3":{"loc":{"start":{"line":47,"column":2},"end":{"line":48,"column":null}},"type":"if","locations":[{"start":{"line":47,"column":2},"end":{"line":48,"column":null}},{"start":{},"end":{}}],"line":47},"4":{"loc":{"start":{"line":52,"column":2},"end":{"line":54,"column":null}},"type":"if","locations":[{"start":{"line":52,"column":2},"end":{"line":54,"column":null}},{"start":{},"end":{}}],"line":52},"5":{"loc":{"start":{"line":61,"column":2},"end":{"line":61,"column":null}},"type":"default-arg","locations":[{"start":{"line":61,"column":9},"end":{"line":61,"column":null}}],"line":61},"6":{"loc":{"start":{"line":64,"column":2},"end":{"line":64,"column":null}},"type":"default-arg","locations":[{"start":{"line":64,"column":24},"end":{"line":64,"column":null}}],"line":64},"7":{"loc":{"start":{"line":65,"column":2},"end":{"line":65,"column":null}},"type":"default-arg","locations":[{"start":{"line":65,"column":15},"end":{"line":65,"column":null}}],"line":65},"8":{"loc":{"start":{"line":66,"column":2},"end":{"line":66,"column":null}},"type":"default-arg","locations":[{"start":{"line":66,"column":15},"end":{"line":66,"column":null}}],"line":66},"9":{"loc":{"start":{"line":76,"column":4},"end":{"line":77,"column":null}},"type":"if","locations":[{"start":{"line":76,"column":4},"end":{"line":77,"column":null}},{"start":{},"end":{}}],"line":76},"10":{"loc":{"start":{"line":86,"column":6},"end":{"line":87,"column":null}},"type":"if","locations":[{"start":{"line":86,"column":6},"end":{"line":87,"column":null}},{"start":{},"end":{}}],"line":86},"11":{"loc":{"start":{"line":92,"column":6},"end":{"line":94,"column":null}},"type":"if","locations":[{"start":{"line":92,"column":6},"end":{"line":94,"column":null}},{"start":{},"end":{}}],"line":92},"12":{"loc":{"start":{"line":108,"column":4},"end":{"line":109,"column":null}},"type":"if","locations":[{"start":{"line":108,"column":4},"end":{"line":109,"column":null}},{"start":{},"end":{}}],"line":108},"13":{"loc":{"start":{"line":108,"column":8},"end":{"line":108,"column":32}},"type":"binary-expr","locations":[{"start":{"line":108,"column":8},"end":{"line":108,"column":19}},{"start":{"line":108,"column":19},"end":{"line":108,"column":32}}],"line":108},"14":{"loc":{"start":{"line":113,"column":6},"end":{"line":114,"column":null}},"type":"if","locations":[{"start":{"line":113,"column":6},"end":{"line":114,"column":null}},{"start":{},"end":{}}],"line":113},"15":{"loc":{"start":{"line":124,"column":2},"end":{"line":125,"column":null}},"type":"if","locations":[{"start":{"line":124,"column":2},"end":{"line":125,"column":null}},{"start":{},"end":{}}],"line":124},"16":{"loc":{"start":{"line":130,"column":7},"end":{"line":203,"column":null}},"type":"cond-expr","locations":[{"start":{"line":131,"column":8},"end":{"line":203,"column":null}},{"start":{"line":203,"column":10},"end":{"line":203,"column":null}}],"line":130},"17":{"loc":{"start":{"line":132,"column":40},"end":{"line":132,"column":75}},"type":"binary-expr","locations":[{"start":{"line":132,"column":40},"end":{"line":132,"column":55}},{"start":{"line":132,"column":55},"end":{"line":132,"column":75}}],"line":132},"18":{"loc":{"start":{"line":139,"column":12},"end":{"line":140,"column":null}},"type":"if","locations":[{"start":{"line":139,"column":12},"end":{"line":140,"column":null}},{"start":{},"end":{}}],"line":139},"19":{"loc":{"start":{"line":139,"column":16},"end":{"line":139,"column":77}},"type":"binary-expr","locations":[{"start":{"line":139,"column":16},"end":{"line":139,"column":39}},{"start":{"line":139,"column":39},"end":{"line":139,"column":77}}],"line":139},"20":{"loc":{"start":{"line":149,"column":29},"end":{"line":149,"column":null}},"type":"cond-expr","locations":[{"start":{"line":149,"column":37},"end":{"line":149,"column":47}},{"start":{"line":149,"column":47},"end":{"line":149,"column":null}}],"line":149},"21":{"loc":{"start":{"line":150,"column":30},"end":{"line":150,"column":null}},"type":"cond-expr","locations":[{"start":{"line":150,"column":44},"end":{"line":150,"column":60}},{"start":{"line":150,"column":60},"end":{"line":150,"column":null}}],"line":150},"22":{"loc":{"start":{"line":174,"column":13},"end":{"line":187,"column":null}},"type":"cond-expr","locations":[{"start":{"line":175,"column":14},"end":{"line":187,"column":null}},{"start":{"line":187,"column":16},"end":{"line":187,"column":null}}],"line":174},"23":{"loc":{"start":{"line":174,"column":13},"end":{"line":174,"column":null}},"type":"binary-expr","locations":[{"start":{"line":174,"column":13},"end":{"line":174,"column":22}},{"start":{"line":174,"column":22},"end":{"line":174,"column":null}}],"line":174},"24":{"loc":{"start":{"line":176,"column":17},"end":{"line":180,"column":null}},"type":"cond-expr","locations":[{"start":{"line":177,"column":18},"end":{"line":180,"column":null}},{"start":{"line":180,"column":20},"end":{"line":180,"column":null}}],"line":176},"25":{"loc":{"start":{"line":181,"column":17},"end":{"line":185,"column":null}},"type":"cond-expr","locations":[{"start":{"line":182,"column":18},"end":{"line":185,"column":null}},{"start":{"line":185,"column":20},"end":{"line":185,"column":null}}],"line":181},"26":{"loc":{"start":{"line":192,"column":16},"end":{"line":192,"column":null}},"type":"binary-expr","locations":[{"start":{"line":192,"column":16},"end":{"line":192,"column":31}},{"start":{"line":192,"column":35},"end":{"line":192,"column":null}}],"line":192},"27":{"loc":{"start":{"line":198,"column":13},"end":{"line":200,"column":null}},"type":"cond-expr","locations":[{"start":{"line":199,"column":14},"end":{"line":200,"column":null}},{"start":{"line":200,"column":16},"end":{"line":200,"column":null}}],"line":198}},"s":{"0":1,"1":1,"2":1,"3":1,"4":6,"5":0,"6":6,"7":6,"8":6,"9":6,"10":6,"11":6,"12":6,"13":6,"14":1,"15":6,"16":0,"17":6,"18":6,"19":6,"20":6,"21":1,"22":7,"23":7,"24":7,"25":7,"26":7,"27":7,"28":1,"29":6,"30":6,"31":6,"32":0,"33":0,"34":0,"35":0,"36":0,"37":0,"38":0,"39":0,"40":0,"41":6,"42":6,"43":6,"44":6,"45":7,"46":7,"47":1,"48":6,"49":3,"50":1,"51":6,"52":6,"53":6,"54":7,"55":0,"56":7,"57":2,"58":1},"f":{"0":6,"1":6,"2":7,"3":7,"4":0,"5":6,"6":7,"7":3,"8":6,"9":2},"b":{"0":[0,6],"1":[6,0],"2":[6,0],"3":[0,6],"4":[6,0],"5":[7],"6":[7],"7":[7],"8":[7],"9":[1,6],"10":[0,0],"11":[0,0],"12":[1,6],"13":[7,6],"14":[1,2],"15":[0,7],"16":[6,1],"17":[6,0],"18":[1,1],"19":[2,1],"20":[2,4],"21":[1,5],"22":[2,4],"23":[6,4],"24":[2,0],"25":[1,1],"26":[6,0],"27":[0,6]},"meta":{"lastBranch":28,"lastFunction":10,"lastStatement":59,"seen":{"s:22:20:22:Infinity":0,"s:23:27:23:Infinity":1,"s:24:31:24:Infinity":2,"s:26:6:43:Infinity":3,"f:26:6:26:29":0,"b:27:2:28:Infinity:undefined:undefined:undefined:undefined":0,"s:27:2:28:Infinity":4,"s:28:4:28:Infinity":5,"b:31:2:39:Infinity:undefined:undefined:undefined:undefined":1,"s:31:2:39:Infinity":6,"s:33:6:33:Infinity":7,"s:34:4:34:Infinity":8,"s:35:4:35:Infinity":9,"s:37:4:37:Infinity":10,"b:38:4:39:Infinity:undefined:undefined:undefined:undefined":2,"s:38:4:39:Infinity":11,"s:39:6:39:Infinity":12,"s:43:2:43:Infinity":13,"s:46:6:54:Infinity":14,"f:46:6:46:31":1,"b:47:2:48:Infinity:undefined:undefined:undefined:undefined":3,"s:47:2:48:Infinity":15,"s:48:4:48:Infinity":16,"s:51:2:51:Infinity":17,"b:52:2:54:Infinity:undefined:undefined:undefined:undefined":4,"s:52:2:54:Infinity":18,"s:53:4:53:Infinity":19,"s:54:4:54:Infinity":20,"s:58:13:206:Infinity":21,"f:58:13:58:22":2,"b:61:9:61:Infinity":5,"b:64:24:64:Infinity":6,"b:65:15:65:Infinity":7,"b:66:15:66:Infinity":8,"s:70:8:70:50":22,"s:71:8:71:62":23,"s:72:8:72:55":24,"s:73:8:73:68":25,"s:75:2:105:Infinity":26,"f:75:2:75:18":3,"b:76:4:77:Infinity:undefined:undefined:undefined:undefined":9,"s:76:4:77:Infinity":27,"s:77:6:77:Infinity":28,"s:80:4:81:Infinity":29,"s:82:4:82:Infinity":30,"s:84:25:98:9":31,"f:84:32:84:49":4,"s:85:27:85:Infinity":32,"b:86:6:87:Infinity:undefined:undefined:undefined:undefined":10,"s:86:6:87:Infinity":33,"s:87:8:87:Infinity":34,"s:90:12:90:66":35,"s:91:29:91:Infinity":36,"b:92:6:94:Infinity:undefined:undefined:undefined:undefined":11,"s:92:6:94:Infinity":37,"s:93:8:93:Infinity":38,"s:94:8:94:Infinity":39,"s:97:6:97:Infinity":40,"s:100:4:103:Infinity":41,"f:100:4:100:17":5,"s:101:6:101:Infinity":42,"s:102:6:102:Infinity":43,"s:103:6:103:Infinity":44,"s:107:2:122:Infinity":45,"f:107:2:107:18":6,"b:108:4:109:Infinity:undefined:undefined:undefined:undefined":12,"s:108:4:109:Infinity":46,"b:108:8:108:19:108:19:108:32":13,"s:109:6:109:Infinity":47,"s:112:10:114:Infinity":48,"f:112:10:112:26":7,"b:113:6:114:Infinity:undefined:undefined:undefined:undefined":14,"s:113:6:114:Infinity":49,"s:114:8:114:Infinity":50,"s:118:4:118:Infinity":51,"s:119:4:120:Infinity":52,"f:119:4:119:17":8,"s:120:6:120:Infinity":53,"b:124:2:125:Infinity:undefined:undefined:undefined:undefined":15,"s:124:2:125:Infinity":54,"s:125:4:125:Infinity":55,"s:128:2:206:Infinity":56,"b:131:8:203:Infinity:203:10:203:Infinity":16,"b:132:40:132:55:132:55:132:75":17,"f:138:10:138:20":9,"b:139:12:140:Infinity:undefined:undefined:undefined:undefined":18,"s:139:12:140:Infinity":57,"b:139:16:139:39:139:39:139:77":19,"s:140:14:140:Infinity":58,"b:149:37:149:47:149:47:149:Infinity":20,"b:150:44:150:60:150:60:150:Infinity":21,"b:175:14:187:Infinity:187:16:187:Infinity":22,"b:174:13:174:22:174:22:174:Infinity":23,"b:177:18:180:Infinity:180:20:180:Infinity":24,"b:182:18:185:Infinity:185:20:185:Infinity":25,"b:192:16:192:31:192:35:192:Infinity":26,"b:199:14:200:Infinity:200:16:200:Infinity":27}}}
,"C:\\Users\\malak_tkw20pj\\OneDrive\\Desktop\\portfolio\\Project1\\src\\components\\Modal\\styles.module.css": {"path":"C:\\Users\\malak_tkw20pj\\OneDrive\\Desktop\\portfolio\\Project1\\src\\components\\Modal\\styles.module.css","statementMap":{},"fnMap":{},"branchMap":{},"s":{},"f":{},"b":{},"meta":{"lastBranch":0,"lastFunction":0,"lastStatement":0,"seen":{}}}
,"C:\\Users\\malak_tkw20pj\\OneDrive\\Desktop\\portfolio\\Project1\\src\\components\\Textarea\\index.tsx": {"path":"C:\\Users\\malak_tkw20pj\\OneDrive\\Desktop\\portfolio\\Project1\\src\\components\\Textarea\\index.tsx","statementMap":{"0":{"start":{"line":22,"column":31},"end":{"line":22,"column":null}},"1":{"start":{"line":24,"column":6},"end":{"line":34,"column":null}},"2":{"start":{"line":25,"column":2},"end":{"line":34,"column":null}},"3":{"start":{"line":37,"column":6},"end":{"line":44,"column":null}},"4":{"start":{"line":38,"column":2},"end":{"line":40,"column":null}},"5":{"start":{"line":39,"column":4},"end":{"line":39,"column":null}},"6":{"start":{"line":40,"column":4},"end":{"line":40,"column":null}},"7":{"start":{"line":43,"column":2},"end":{"line":44,"column":null}},"8":{"start":{"line":44,"column":4},"end":{"line":44,"column":null}},"9":{"start":{"line":48,"column":13},"end":{"line":205,"column":null}},"10":{"start":{"line":71,"column":10},"end":{"line":71,"column":56}},"11":{"start":{"line":72,"column":21},"end":{"line":72,"column":null}},"12":{"start":{"line":73,"column":20},"end":{"line":73,"column":null}},"13":{"start":{"line":74,"column":20},"end":{"line":74,"column":null}},"14":{"start":{"line":76,"column":25},"end":{"line":77,"column":null}},"15":{"start":{"line":80,"column":10},"end":{"line":80,"column":64}},"16":{"start":{"line":81,"column":10},"end":{"line":81,"column":57}},"17":{"start":{"line":83,"column":4},"end":{"line":87,"column":null}},"18":{"start":{"line":84,"column":6},"end":{"line":85,"column":null}},"19":{"start":{"line":85,"column":8},"end":{"line":85,"column":null}},"20":{"start":{"line":89,"column":4},"end":{"line":102,"column":null}},"21":{"start":{"line":90,"column":6},"end":{"line":91,"column":null}},"22":{"start":{"line":91,"column":8},"end":{"line":91,"column":null}},"23":{"start":{"line":94,"column":23},"end":{"line":94,"column":null}},"24":{"start":{"line":95,"column":25},"end":{"line":95,"column":null}},"25":{"start":{"line":96,"column":27},"end":{"line":96,"column":null}},"26":{"start":{"line":97,"column":25},"end":{"line":97,"column":71}},"27":{"start":{"line":99,"column":6},"end":{"line":99,"column":null}},"28":{"start":{"line":100,"column":6},"end":{"line":101,"column":null}},"29":{"start":{"line":104,"column":22},"end":{"line":104,"column":56}},"30":{"start":{"line":105,"column":23},"end":{"line":105,"column":56}},"31":{"start":{"line":106,"column":22},"end":{"line":106,"column":null}},"32":{"start":{"line":108,"column":27},"end":{"line":115,"column":16}},"33":{"start":{"line":117,"column":18},"end":{"line":117,"column":null}},"34":{"start":{"line":119,"column":6},"end":{"line":123,"column":null}},"35":{"start":{"line":125,"column":32},"end":{"line":125,"column":null}},"36":{"start":{"line":127,"column":6},"end":{"line":127,"column":null}},"37":{"start":{"line":129,"column":4},"end":{"line":200,"column":null}},"38":{"start":{"line":145,"column":16},"end":{"line":145,"column":null}},"39":{"start":{"line":146,"column":16},"end":{"line":146,"column":null}},"40":{"start":{"line":151,"column":16},"end":{"line":151,"column":null}},"41":{"start":{"line":152,"column":16},"end":{"line":152,"column":null}},"42":{"start":{"line":207,"column":0},"end":{"line":207,"column":null}}},"fnMap":{"0":{"name":"(anonymous_0)","decl":{"start":{"line":24,"column":6},"end":{"line":24,"column":null}},"loc":{"start":{"line":25,"column":2},"end":{"line":34,"column":null}},"line":25},"1":{"name":"(anonymous_1)","decl":{"start":{"line":37,"column":6},"end":{"line":37,"column":23}},"loc":{"start":{"line":37,"column":77},"end":{"line":44,"column":null}},"line":37},"2":{"name":"(anonymous_2)","decl":{"start":{"line":48,"column":24},"end":{"line":48,"column":null}},"loc":{"start":{"line":70,"column":7},"end":{"line":205,"column":null}},"line":70},"3":{"name":"(anonymous_3)","decl":{"start":{"line":83,"column":4},"end":{"line":83,"column":20}},"loc":{"start":{"line":83,"column":20},"end":{"line":87,"column":8}},"line":83},"4":{"name":"(anonymous_4)","decl":{"start":{"line":89,"column":4},"end":{"line":89,"column":26}},"loc":{"start":{"line":89,"column":26},"end":{"line":102,"column":8}},"line":89},"5":{"name":"(anonymous_5)","decl":{"start":{"line":144,"column":14},"end":{"line":144,"column":20}},"loc":{"start":{"line":144,"column":29},"end":{"line":146,"column":null}},"line":144},"6":{"name":"(anonymous_6)","decl":{"start":{"line":150,"column":14},"end":{"line":150,"column":25}},"loc":{"start":{"line":150,"column":35},"end":{"line":152,"column":null}},"line":150}},"branchMap":{"0":{"loc":{"start":{"line":38,"column":2},"end":{"line":40,"column":null}},"type":"if","locations":[{"start":{"line":38,"column":2},"end":{"line":40,"column":null}},{"start":{},"end":{}}],"line":38},"1":{"loc":{"start":{"line":43,"column":2},"end":{"line":44,"column":null}},"type":"if","locations":[{"start":{"line":43,"column":2},"end":{"line":44,"column":null}},{"start":{},"end":{}}],"line":43},"2":{"loc":{"start":{"line":54,"column":6},"end":{"line":54,"column":null}},"type":"default-arg","locations":[{"start":{"line":54,"column":18},"end":{"line":54,"column":null}}],"line":54},"3":{"loc":{"start":{"line":56,"column":6},"end":{"line":56,"column":null}},"type":"default-arg","locations":[{"start":{"line":56,"column":19},"end":{"line":56,"column":null}}],"line":56},"4":{"loc":{"start":{"line":58,"column":6},"end":{"line":58,"column":null}},"type":"default-arg","locations":[{"start":{"line":58,"column":17},"end":{"line":58,"column":null}}],"line":58},"5":{"loc":{"start":{"line":63,"column":6},"end":{"line":63,"column":null}},"type":"default-arg","locations":[{"start":{"line":63,"column":13},"end":{"line":63,"column":null}}],"line":63},"6":{"loc":{"start":{"line":77,"column":13},"end":{"line":77,"column":41}},"type":"binary-expr","locations":[{"start":{"line":77,"column":13},"end":{"line":77,"column":22}},{"start":{"line":77,"column":22},"end":{"line":77,"column":38}},{"start":{"line":77,"column":38},"end":{"line":77,"column":41}}],"line":77},"7":{"loc":{"start":{"line":84,"column":6},"end":{"line":85,"column":null}},"type":"if","locations":[{"start":{"line":84,"column":6},"end":{"line":85,"column":null}},{"start":{},"end":{}}],"line":84},"8":{"loc":{"start":{"line":90,"column":6},"end":{"line":91,"column":null}},"type":"if","locations":[{"start":{"line":90,"column":6},"end":{"line":91,"column":null}},{"start":{},"end":{}}],"line":90},"9":{"loc":{"start":{"line":90,"column":10},"end":{"line":90,"column":69}},"type":"binary-expr","locations":[{"start":{"line":90,"column":10},"end":{"line":90,"column":25}},{"start":{"line":90,"column":25},"end":{"line":90,"column":49}},{"start":{"line":90,"column":49},"end":{"line":90,"column":69}}],"line":90},"10":{"loc":{"start":{"line":101,"column":8},"end":{"line":101,"column":null}},"type":"cond-expr","locations":[{"start":{"line":101,"column":48},"end":{"line":101,"column":57}},{"start":{"line":101,"column":57},"end":{"line":101,"column":null}}],"line":101},"11":{"loc":{"start":{"line":104,"column":22},"end":{"line":104,"column":56}},"type":"binary-expr","locations":[{"start":{"line":104,"column":22},"end":{"line":104,"column":35}},{"start":{"line":104,"column":35},"end":{"line":104,"column":56}}],"line":104},"12":{"loc":{"start":{"line":105,"column":23},"end":{"line":105,"column":56}},"type":"binary-expr","locations":[{"start":{"line":105,"column":23},"end":{"line":105,"column":37}},{"start":{"line":105,"column":37},"end":{"line":105,"column":56}}],"line":105},"13":{"loc":{"start":{"line":110,"column":6},"end":{"line":110,"column":null}},"type":"cond-expr","locations":[{"start":{"line":110,"column":18},"end":{"line":110,"column":28}},{"start":{"line":110,"column":28},"end":{"line":110,"column":null}}],"line":110},"14":{"loc":{"start":{"line":111,"column":6},"end":{"line":111,"column":null}},"type":"cond-expr","locations":[{"start":{"line":111,"column":19},"end":{"line":111,"column":30}},{"start":{"line":111,"column":30},"end":{"line":111,"column":null}}],"line":111},"15":{"loc":{"start":{"line":112,"column":6},"end":{"line":112,"column":null}},"type":"cond-expr","locations":[{"start":{"line":112,"column":18},"end":{"line":112,"column":28}},{"start":{"line":112,"column":28},"end":{"line":112,"column":null}}],"line":112},"16":{"loc":{"start":{"line":117,"column":18},"end":{"line":117,"column":null}},"type":"cond-expr","locations":[{"start":{"line":117,"column":30},"end":{"line":117,"column":64}},{"start":{"line":117,"column":64},"end":{"line":117,"column":null}}],"line":117},"17":{"loc":{"start":{"line":119,"column":6},"end":{"line":123,"column":null}},"type":"cond-expr","locations":[{"start":{"line":120,"column":10},"end":{"line":120,"column":null}},{"start":{"line":121,"column":10},"end":{"line":123,"column":null}}],"line":119},"18":{"loc":{"start":{"line":121,"column":10},"end":{"line":123,"column":null}},"type":"cond-expr","locations":[{"start":{"line":122,"column":12},"end":{"line":122,"column":null}},{"start":{"line":123,"column":12},"end":{"line":123,"column":null}}],"line":121},"19":{"loc":{"start":{"line":125,"column":32},"end":{"line":125,"column":null}},"type":"cond-expr","locations":[{"start":{"line":125,"column":40},"end":{"line":125,"column":46}},{"start":{"line":125,"column":46},"end":{"line":125,"column":null}}],"line":125},"20":{"loc":{"start":{"line":127,"column":6},"end":{"line":127,"column":null}},"type":"binary-expr","locations":[{"start":{"line":127,"column":6},"end":{"line":127,"column":19}},{"start":{"line":127,"column":19},"end":{"line":127,"column":28}},{"start":{"line":127,"column":28},"end":{"line":127,"column":43}},{"start":{"line":127,"column":43},"end":{"line":127,"column":null}}],"line":127},"21":{"loc":{"start":{"line":133,"column":10},"end":{"line":133,"column":null}},"type":"binary-expr","locations":[{"start":{"line":133,"column":10},"end":{"line":133,"column":19}},{"start":{"line":133,"column":19},"end":{"line":133,"column":null}}],"line":133},"22":{"loc":{"start":{"line":134,"column":10},"end":{"line":134,"column":null}},"type":"binary-expr","locations":[{"start":{"line":134,"column":10},"end":{"line":134,"column":23}},{"start":{"line":134,"column":23},"end":{"line":134,"column":null}}],"line":134},"23":{"loc":{"start":{"line":135,"column":10},"end":{"line":135,"column":null}},"type":"binary-expr","locations":[{"start":{"line":135,"column":10},"end":{"line":135,"column":22}},{"start":{"line":135,"column":22},"end":{"line":135,"column":null}}],"line":135},"24":{"loc":{"start":{"line":160,"column":28},"end":{"line":160,"column":null}},"type":"binary-expr","locations":[{"start":{"line":160,"column":28},"end":{"line":160,"column":41}},{"start":{"line":160,"column":41},"end":{"line":160,"column":null}}],"line":160},"25":{"loc":{"start":{"line":161,"column":32},"end":{"line":161,"column":null}},"type":"binary-expr","locations":[{"start":{"line":161,"column":32},"end":{"line":161,"column":50}},{"start":{"line":161,"column":50},"end":{"line":161,"column":null}}],"line":161},"26":{"loc":{"start":{"line":164,"column":13},"end":{"line":168,"column":null}},"type":"cond-expr","locations":[{"start":{"line":165,"column":14},"end":{"line":168,"column":null}},{"start":{"line":168,"column":16},"end":{"line":168,"column":null}}],"line":164},"27":{"loc":{"start":{"line":170,"column":13},"end":{"line":174,"column":null}},"type":"cond-expr","locations":[{"start":{"line":171,"column":14},"end":{"line":174,"column":null}},{"start":{"line":174,"column":16},"end":{"line":174,"column":null}}],"line":170},"28":{"loc":{"start":{"line":172,"column":20},"end":{"line":172,"column":40}},"type":"binary-expr","locations":[{"start":{"line":172,"column":20},"end":{"line":172,"column":36}},{"start":{"line":172,"column":36},"end":{"line":172,"column":40}}],"line":172},"29":{"loc":{"start":{"line":180,"column":13},"end":{"line":187,"column":null}},"type":"cond-expr","locations":[{"start":{"line":181,"column":14},"end":{"line":187,"column":null}},{"start":{"line":187,"column":16},"end":{"line":187,"column":null}}],"line":180},"30":{"loc":{"start":{"line":189,"column":13},"end":{"line":193,"column":null}},"type":"cond-expr","locations":[{"start":{"line":190,"column":14},"end":{"line":193,"column":null}},{"start":{"line":193,"column":16},"end":{"line":193,"column":null}}],"line":189},"31":{"loc":{"start":{"line":196,"column":11},"end":{"line":200,"column":null}},"type":"cond-expr","locations":[{"start":{"line":197,"column":12},"end":{"line":200,"column":null}},{"start":{"line":200,"column":14},"end":{"line":200,"column":null}}],"line":196}},"s":{"0":1,"1":1,"2":1,"3":1,"4":16,"5":0,"6":0,"7":16,"8":2,"9":1,"10":8,"11":8,"12":8,"13":8,"14":8,"15":8,"16":8,"17":8,"18":6,"19":0,"20":8,"21":8,"22":8,"23":0,"24":0,"25":0,"26":0,"27":0,"28":0,"29":8,"30":8,"31":8,"32":8,"33":8,"34":8,"35":8,"36":8,"37":8,"38":16,"39":16,"40":2,"41":2,"42":1},"f":{"0":1,"1":16,"2":8,"3":6,"4":8,"5":16,"6":2},"b":{"0":[0,16],"1":[2,14],"2":[8],"3":[8],"4":[8],"5":[8],"6":[8,8,6],"7":[0,6],"8":[8,0],"9":[8,0,0],"10":[0,0],"11":[8,1],"12":[8,7],"13":[1,7],"14":[0,8],"15":[2,6],"16":[2,6],"17":[0,8],"18":[0,8],"19":[5,3],"20":[8,3,0,0],"21":[8,5],"22":[8,1],"23":[8,0],"24":[8,7],"25":[8,5],"26":[5,3],"27":[0,8],"28":[0,0],"29":[1,7],"30":[0,8],"31":[2,6]},"meta":{"lastBranch":32,"lastFunction":7,"lastStatement":43,"seen":{"s:22:31:22:Infinity":0,"s:24:6:34:Infinity":1,"f:24:6:24:Infinity":0,"s:25:2:34:Infinity":2,"s:37:6:44:Infinity":3,"f:37:6:37:23":1,"b:38:2:40:Infinity:undefined:undefined:undefined:undefined":0,"s:38:2:40:Infinity":4,"s:39:4:39:Infinity":5,"s:40:4:40:Infinity":6,"b:43:2:44:Infinity:undefined:undefined:undefined:undefined":1,"s:43:2:44:Infinity":7,"s:44:4:44:Infinity":8,"s:48:13:205:Infinity":9,"f:48:24:48:Infinity":2,"b:54:18:54:Infinity":2,"b:56:19:56:Infinity":3,"b:58:17:58:Infinity":4,"b:63:13:63:Infinity":5,"s:71:10:71:56":10,"s:72:21:72:Infinity":11,"s:73:20:73:Infinity":12,"s:74:20:74:Infinity":13,"s:76:25:77:Infinity":14,"b:77:13:77:22:77:22:77:38:77:38:77:41":6,"s:80:10:80:64":15,"s:81:10:81:57":16,"s:83:4:87:Infinity":17,"f:83:4:83:20":3,"b:84:6:85:Infinity:undefined:undefined:undefined:undefined":7,"s:84:6:85:Infinity":18,"s:85:8:85:Infinity":19,"s:89:4:102:Infinity":20,"f:89:4:89:26":4,"b:90:6:91:Infinity:undefined:undefined:undefined:undefined":8,"s:90:6:91:Infinity":21,"b:90:10:90:25:90:25:90:49:90:49:90:69":9,"s:91:8:91:Infinity":22,"s:94:23:94:Infinity":23,"s:95:25:95:Infinity":24,"s:96:27:96:Infinity":25,"s:97:25:97:71":26,"s:99:6:99:Infinity":27,"s:100:6:101:Infinity":28,"b:101:48:101:57:101:57:101:Infinity":10,"s:104:22:104:56":29,"b:104:22:104:35:104:35:104:56":11,"s:105:23:105:56":30,"b:105:23:105:37:105:37:105:56":12,"s:106:22:106:Infinity":31,"s:108:27:115:16":32,"b:110:18:110:28:110:28:110:Infinity":13,"b:111:19:111:30:111:30:111:Infinity":14,"b:112:18:112:28:112:28:112:Infinity":15,"s:117:18:117:Infinity":33,"b:117:30:117:64:117:64:117:Infinity":16,"s:119:6:123:Infinity":34,"b:120:10:120:Infinity:121:10:123:Infinity":17,"b:122:12:122:Infinity:123:12:123:Infinity":18,"s:125:32:125:Infinity":35,"b:125:40:125:46:125:46:125:Infinity":19,"s:127:6:127:Infinity":36,"b:127:6:127:19:127:19:127:28:127:28:127:43:127:43:127:Infinity":20,"s:129:4:200:Infinity":37,"b:133:10:133:19:133:19:133:Infinity":21,"b:134:10:134:23:134:23:134:Infinity":22,"b:135:10:135:22:135:22:135:Infinity":23,"f:144:14:144:20":5,"s:145:16:145:Infinity":38,"s:146:16:146:Infinity":39,"f:150:14:150:25":6,"s:151:16:151:Infinity":40,"s:152:16:152:Infinity":41,"b:160:28:160:41:160:41:160:Infinity":24,"b:161:32:161:50:161:50:161:Infinity":25,"b:165:14:168:Infinity:168:16:168:Infinity":26,"b:171:14:174:Infinity:174:16:174:Infinity":27,"b:172:20:172:36:172:36:172:40":28,"b:181:14:187:Infinity:187:16:187:Infinity":29,"b:190:14:193:Infinity:193:16:193:Infinity":30,"b:197:12:200:Infinity:200:14:200:Infinity":31,"s:207:0:207:Infinity":42}}}
,"C:\\Users\\malak_tkw20pj\\OneDrive\\Desktop\\portfolio\\Project1\\src\\components\\Textarea\\styles.module.css": {"path":"C:\\Users\\malak_tkw20pj\\OneDrive\\Desktop\\portfolio\\Project1\\src\\components\\Textarea\\styles.module.css","statementMap":{},"fnMap":{},"branchMap":{},"s":{},"f":{},"b":{},"meta":{"lastBranch":0,"lastFunction":0,"lastStatement":0,"seen":{}}}
,"C:\\Users\\malak_tkw20pj\\OneDrive\\Desktop\\portfolio\\Project1\\src\\components\\Toast\\index.tsx": {"path":"C:\\Users\\malak_tkw20pj\\OneDrive\\Desktop\\portfolio\\Project1\\src\\components\\Toast\\index.tsx","statementMap":{"0":{"start":{"line":61,"column":25},"end":{"line":61,"column":null}},"1":{"start":{"line":63,"column":6},"end":{"line":63,"column":66}},"2":{"start":{"line":65,"column":61},"end":{"line":120,"column":null}},"3":{"start":{"line":122,"column":19},"end":{"line":122,"column":null}},"4":{"start":{"line":124,"column":6},"end":{"line":126,"column":null}},"5":{"start":{"line":125,"column":2},"end":{"line":125,"column":null}},"6":{"start":{"line":126,"column":2},"end":{"line":126,"column":null}},"7":{"start":{"line":129,"column":13},"end":{"line":258,"column":null}},"8":{"start":{"line":130,"column":19},"end":{"line":130,"column":49}},"9":{"start":{"line":131,"column":8},"end":{"line":131,"column":71}},"10":{"start":{"line":132,"column":8},"end":{"line":132,"column":40}},"11":{"start":{"line":133,"column":8},"end":{"line":136,"column":null}},"12":{"start":{"line":138,"column":8},"end":{"line":138,"column":46}},"13":{"start":{"line":140,"column":19},"end":{"line":142,"column":null}},"14":{"start":{"line":144,"column":8},"end":{"line":147,"column":null}},"15":{"start":{"line":145,"column":4},"end":{"line":147,"column":null}},"16":{"start":{"line":146,"column":6},"end":{"line":146,"column":null}},"17":{"start":{"line":147,"column":6},"end":{"line":147,"column":null}},"18":{"start":{"line":151,"column":8},"end":{"line":154,"column":24}},"19":{"start":{"line":152,"column":4},"end":{"line":152,"column":null}},"20":{"start":{"line":153,"column":4},"end":{"line":153,"column":null}},"21":{"start":{"line":156,"column":8},"end":{"line":168,"column":null}},"22":{"start":{"line":158,"column":6},"end":{"line":158,"column":null}},"23":{"start":{"line":159,"column":6},"end":{"line":160,"column":null}},"24":{"start":{"line":160,"column":8},"end":{"line":160,"column":null}},"25":{"start":{"line":163,"column":6},"end":{"line":163,"column":null}},"26":{"start":{"line":164,"column":6},"end":{"line":166,"column":null}},"27":{"start":{"line":165,"column":8},"end":{"line":165,"column":null}},"28":{"start":{"line":171,"column":2},"end":{"line":189,"column":null}},"29":{"start":{"line":172,"column":4},"end":{"line":176,"column":null}},"30":{"start":{"line":173,"column":6},"end":{"line":176,"column":null}},"31":{"start":{"line":179,"column":4},"end":{"line":180,"column":null}},"32":{"start":{"line":180,"column":6},"end":{"line":180,"column":null}},"33":{"start":{"line":183,"column":4},"end":{"line":183,"column":null}},"34":{"start":{"line":184,"column":4},"end":{"line":184,"column":null}},"35":{"start":{"line":186,"column":4},"end":{"line":187,"column":null}},"36":{"start":{"line":187,"column":6},"end":{"line":187,"column":null}},"37":{"start":{"line":191,"column":2},"end":{"line":204,"column":null}},"38":{"start":{"line":192,"column":4},"end":{"line":193,"column":null}},"39":{"start":{"line":193,"column":6},"end":{"line":193,"column":null}},"40":{"start":{"line":196,"column":4},"end":{"line":200,"column":null}},"41":{"start":{"line":197,"column":22},"end":{"line":197,"column":null}},"42":{"start":{"line":198,"column":6},"end":{"line":198,"column":null}},"43":{"start":{"line":199,"column":6},"end":{"line":199,"column":null}},"44":{"start":{"line":200,"column":6},"end":{"line":200,"column":null}},"45":{"start":{"line":203,"column":4},"end":{"line":203,"column":null}},"46":{"start":{"line":206,"column":2},"end":{"line":258,"column":null}},"47":{"start":{"line":217,"column":26},"end":{"line":217,"column":43}},"48":{"start":{"line":218,"column":26},"end":{"line":218,"column":44}},"49":{"start":{"line":263,"column":13},"end":{"line":277,"column":null}},"50":{"start":{"line":264,"column":2},"end":{"line":265,"column":null}},"51":{"start":{"line":265,"column":4},"end":{"line":265,"column":null}},"52":{"start":{"line":268,"column":2},"end":{"line":277,"column":null}},"53":{"start":{"line":272,"column":10},"end":{"line":272,"column":null}},"54":{"start":{"line":280,"column":13},"end":{"line":335,"column":null}},"55":{"start":{"line":281,"column":17},"end":{"line":281,"column":55}},"56":{"start":{"line":283,"column":8},"end":{"line":287,"column":8}},"57":{"start":{"line":284,"column":4},"end":{"line":286,"column":null}},"58":{"start":{"line":285,"column":6},"end":{"line":285,"column":52}},"59":{"start":{"line":285,"column":37},"end":{"line":285,"column":52}},"60":{"start":{"line":289,"column":8},"end":{"line":291,"column":8}},"61":{"start":{"line":290,"column":4},"end":{"line":290,"column":null}},"62":{"start":{"line":293,"column":8},"end":{"line":312,"column":null}},"63":{"start":{"line":299,"column":17},"end":{"line":299,"column":30}},"64":{"start":{"line":300,"column":35},"end":{"line":307,"column":null}},"65":{"start":{"line":309,"column":6},"end":{"line":309,"column":null}},"66":{"start":{"line":309,"column":35},"end":{"line":309,"column":64}},"67":{"start":{"line":310,"column":6},"end":{"line":310,"column":null}},"68":{"start":{"line":315,"column":8},"end":{"line":324,"column":null}},"69":{"start":{"line":316,"column":11},"end":{"line":323,"column":null}},"70":{"start":{"line":317,"column":37},"end":{"line":317,"column":70}},"71":{"start":{"line":318,"column":35},"end":{"line":318,"column":66}},"72":{"start":{"line":319,"column":37},"end":{"line":319,"column":70}},"73":{"start":{"line":320,"column":34},"end":{"line":320,"column":64}},"74":{"start":{"line":327,"column":8},"end":{"line":329,"column":null}},"75":{"start":{"line":328,"column":11},"end":{"line":328,"column":30}},"76":{"start":{"line":332,"column":2},"end":{"line":335,"column":null}},"77":{"start":{"line":340,"column":13},"end":{"line":346,"column":null}},"78":{"start":{"line":341,"column":8},"end":{"line":341,"column":42}},"79":{"start":{"line":342,"column":2},"end":{"line":343,"column":null}},"80":{"start":{"line":343,"column":4},"end":{"line":343,"column":null}},"81":{"start":{"line":346,"column":2},"end":{"line":346,"column":null}}},"fnMap":{"0":{"name":"(anonymous_0)","decl":{"start":{"line":124,"column":6},"end":{"line":124,"column":34}},"loc":{"start":{"line":124,"column":34},"end":{"line":126,"column":null}},"line":124},"1":{"name":"(anonymous_1)","decl":{"start":{"line":129,"column":13},"end":{"line":129,"column":22}},"loc":{"start":{"line":129,"column":68},"end":{"line":258,"column":null}},"line":129},"2":{"name":"(anonymous_2)","decl":{"start":{"line":144,"column":8},"end":{"line":144,"column":36}},"loc":{"start":{"line":144,"column":36},"end":{"line":147,"column":null}},"line":144},"3":{"name":"(anonymous_3)","decl":{"start":{"line":151,"column":18},"end":{"line":151,"column":36}},"loc":{"start":{"line":151,"column":36},"end":{"line":154,"column":6}},"line":151},"4":{"name":"(anonymous_4)","decl":{"start":{"line":156,"column":26},"end":{"line":156,"column":null}},"loc":{"start":{"line":157,"column":33},"end":{"line":168,"column":5}},"line":157},"5":{"name":"(anonymous_5)","decl":{"start":{"line":164,"column":27},"end":{"line":164,"column":44}},"loc":{"start":{"line":164,"column":44},"end":{"line":166,"column":25}},"line":164},"6":{"name":"(anonymous_6)","decl":{"start":{"line":171,"column":2},"end":{"line":171,"column":18}},"loc":{"start":{"line":171,"column":18},"end":{"line":189,"column":6}},"line":171},"7":{"name":"(anonymous_7)","decl":{"start":{"line":186,"column":4},"end":{"line":186,"column":17}},"loc":{"start":{"line":186,"column":17},"end":{"line":187,"column":null}},"line":186},"8":{"name":"(ano
[...]
lak_tkw20pj\\OneDrive\\Desktop\\portfolio\\Project1\\src\\components\\Tooltip\\index.tsx","statementMap":{"0":{"start":{"line":22,"column":4},"end":{"line":39,"column":null}},"1":{"start":{"line":41,"column":13},"end":{"line":102,"column":null}},"2":{"start":{"line":48,"column":8},"end":{"line":48,"column":48}},"3":{"start":{"line":49,"column":34},"end":{"line":52,"column":4}},"4":{"start":{"line":54,"column":34},"end":{"line":54,"column":null}},"5":{"start":{"line":57,"column":30},"end":{"line":59,"column":null}},"6":{"start":{"line":61,"column":8},"end":{"line":79,"column":4}},"7":{"start":{"line":64,"column":6},"end":{"line":64,"column":null}},"8":{"start":{"line":65,"column":6},"end":{"line":65,"column":null}},"9":{"start":{"line":68,"column":6},"end":{"line":68,"column":null}},"10":{"start":{"line":69,"column":6},"end":{"line":69,"column":null}},"11":{"start":{"line":72,"column":6},"end":{"line":72,"column":null}},"12":{"start":{"line":73,"column":6},"end":{"line":73,"column":null}},"13":{"start":{"line":76,"column":6},"end":{"line":76,"column":null}},"14":{"start":{"line":77,"column":6},"end":{"line":77,"column":null}},"15":{"start":{"line":81,"column":2},"end":{"line":102,"column":null}}},"fnMap":{"0":{"name":"(anonymous_0)","decl":{"start":{"line":41,"column":13},"end":{"line":41,"column":24}},"loc":{"start":{"line":47,"column":20},"end":{"line":102,"column":null}},"line":47},"1":{"name":"(anonymous_1)","decl":{"start":{"line":63,"column":4},"end":{"line":63,"column":19}},"loc":{"start":{"line":63,"column":47},"end":{"line":65,"column":null}},"line":63},"2":{"name":"(anonymous_2)","decl":{"start":{"line":67,"column":4},"end":{"line":67,"column":19}},"loc":{"start":{"line":67,"column":47},"end":{"line":69,"column":null}},"line":67},"3":{"name":"(anonymous_3)","decl":{"start":{"line":71,"column":4},"end":{"line":71,"column":14}},"loc":{"start":{"line":71,"column":42},"end":{"line":73,"column":null}},"line":71},"4":{"name":"(anonymous_4)","decl":{"start":{"line":75,"column":4},"end":{"line":75,"column":13}},"loc":{"start":{"line":75,"column":41},"end":{"line":77,"column":null}},"line":75}},"branchMap":{"0":{"loc":{"start":{"line":43,"column":2},"end":{"line":43,"column":null}},"type":"default-arg","locations":[{"start":{"line":43,"column":14},"end":{"line":43,"column":null}}],"line":43},"1":{"loc":{"start":{"line":44,"column":2},"end":{"line":44,"column":null}},"type":"default-arg","locations":[{"start":{"line":44,"column":10},"end":{"line":44,"column":null}}],"line":44},"2":{"loc":{"start":{"line":45,"column":2},"end":{"line":45,"column":null}},"type":"default-arg","locations":[{"start":{"line":45,"column":13},"end":{"line":45,"column":null}}],"line":45},"3":{"loc":{"start":{"line":57,"column":30},"end":{"line":59,"column":null}},"type":"cond-expr","locations":[{"start":{"line":58,"column":6},"end":{"line":58,"column":68}},{"start":{"line":59,"column":6},"end":{"line":59,"column":null}}],"line":57},"4":{"loc":{"start":{"line":62,"column":24},"end":{"line":62,"column":null}},"type":"binary-expr","locations":[{"start":{"line":62,"column":24},"end":{"line":62,"column":47}},{"start":{"line":62,"column":47},"end":{"line":62,"column":null}}],"line":62},"5":{"loc":{"start":{"line":85,"column":9},"end":{"line":101,"column":null}},"type":"cond-expr","locations":[{"start":{"line":86,"column":10},"end":{"line":101,"column":null}},{"start":{"line":101,"column":12},"end":{"line":101,"column":null}}],"line":85},"6":{"loc":{"start":{"line":85,"column":9},"end":{"line":85,"column":null}},"type":"binary-expr","locations":[{"start":{"line":85,"column":9},"end":{"line":85,"column":22}},{"start":{"line":85,"column":22},"end":{"line":85,"column":null}}],"line":85}},"s":{"0":1,"1":1,"2":7,"3":7,"4":7,"5":7,"6":7,"7":2,"8":2,"9":0,"10":0,"11":2,"12":2,"13":0,"14":0,"15":7},"f":{"0":7,"1":2,"2":0,"3":2,"4":0},"b":{"0":[7],"1":[7],"2":[7],"3":[3,4],"4":[7,4],"5":[3,4],"6":[7,3]},"meta":{"lastBranch":7,"lastFunction":5,"lastStatement":16,"seen":{"s:22:4:39:Infinity":0,"s:41:13:102:Infinity":1,"f:41:13:41:24":0,"b:43:14:43:Infinity":0,"b:44:10:44:Infinity":1,"b:45:13:45:Infinity":2,"s:48:8:48:48":2,"s:49:34:52:4":3,"s:54:34:54:Infinity":4,"s:57:30:59:Infinity":5,"b:58:6:58:68:59:6:59:Infinity":3,"s:61:8:79:4":6,"b:62:24:62:47:62:47:62:Infinity":4,"f:63:4:63:19":1,"s:64:6:64:Infinity":7,"s:65:6:65:Infinity":8,"f:67:4:67:19":2,"s:68:6:68:Infinity":9,"s:69:6:69:Infinity":10,"f:71:4:71:14":3,"s:72:6:72:Infinity":11,"s:73:6:73:Infinity":12,"f:75:4:75:13":4,"s:76:6:76:Infinity":13,"s:77:6:77:Infinity":14,"s:81:2:102:Infinity":15,"b:86:10:101:Infinity:101:12:101:Infinity":5,"b:85:9:85:22:85:22:85:Infinity":6}}}
,"C:\\Users\\malak_tkw20pj\\OneDrive\\Desktop\\portfolio\\Project1\\src\\components\\Tooltip\\styles.module.css": {"path":"C:\\Users\\malak_tkw20pj\\OneDrive\\Desktop\\portfolio\\Project1\\src\\components\\Tooltip\\styles.module.css","statementMap":{},"fnMap":{},"branchMap":{},"s":{},"f":{},"b":{},"meta":{"lastBranch":0,"lastFunction":0,"lastStatement":0,"seen":{}}}
,"C:\\Users\\malak_tkw20pj\\OneDrive\\Desktop\\portfolio\\Project1\\src\\utils\\cn.ts": {"path":"C:\\Users\\malak_tkw20pj\\OneDrive\\Desktop\\portfolio\\Project1\\src\\utils\\cn.ts","statementMap":{"0":{"start":{"line":3,"column":13},"end":{"line":9,"column":null}},"1":{"start":{"line":4,"column":2},"end":{"line":9,"column":null}},"2":{"start":{"line":7,"column":8},"end":{"line":7,"column":null}}},"fnMap":{"0":{"name":"(anonymous_0)","decl":{"start":{"line":3,"column":13},"end":{"line":3,"column":19}},"loc":{"start":{"line":3,"column":55},"end":{"line":9,"column":null}},"line":3},"1":{"name":"(anonymous_1)","decl":{"start":{"line":5,"column":5},"end":{"line":5,"column":null}},"loc":{"start":{"line":7,"column":8},"end":{"line":7,"column":null}},"line":7}},"branchMap":{"0":{"loc":{"start":{"line":7,"column":8},"end":{"line":7,"column":null}},"type":"binary-expr","locations":[{"start":{"line":7,"column":8},"end":{"line":7,"column":37}},{"start":{"line":7,"column":37},"end":{"line":7,"column":null}}],"line":7}},"s":{"0":10,"1":99,"2":320},"f":{"0":99,"1":320},"b":{"0":[320,203]},"meta":{"lastBranch":1,"lastFunction":2,"lastStatement":3,"seen":{"s:3:13:9:Infinity":0,"f:3:13:3:19":0,"s:4:2:9:Infinity":1,"f:5:5:5:Infinity":1,"s:7:8:7:Infinity":2,"b:7:8:7:37:7:37:7:Infinity":0}}}
,"C:\\Users\\malak_tkw20pj\\OneDrive\\Desktop\\portfolio\\Project1\\src\\utils\\useFocusTrap.ts": {"path":"C:\\Users\\malak_tkw20pj\\OneDrive\\Desktop\\portfolio\\Project1\\src\\utils\\useFocusTrap.ts","statementMap":{"0":{"start":{"line":3,"column":27},"end":{"line":15,"column":11}},"1":{"start":{"line":17,"column":13},"end":{"line":24,"column":null}},"2":{"start":{"line":18,"column":2},"end":{"line":24,"column":null}},"3":{"start":{"line":22,"column":6},"end":{"line":23,"column":null}},"4":{"start":{"line":27,"column":13},"end":{"line":78,"column":null}},"5":{"start":{"line":30,"column":8},"end":{"line":30,"column":38}},"6":{"start":{"line":32,"column":2},"end":{"line":76,"column":null}},"7":{"start":{"line":33,"column":4},"end":{"line":34,"column":null}},"8":{"start":{"line":34,"column":6},"end":{"line":34,"column":null}},"9":{"start":{"line":37,"column":22},"end":{"line":37,"column":null}},"10":{"start":{"line":39,"column":10},"end":{"line":68,"column":null}},"11":{"start":{"line":40,"column":6},"end":{"line":41,"column":null}},"12":{"start":{"line":41,"column":8},"end":{"line":41,"column":null}},"13":{"start":{"line":44,"column":32},"end":{"line":44,"column":63}},"14":{"start":{"line":45,"column":6},"end":{"line":48,"column":null}},"15":{"start":{"line":46,"column":8},"end":{"line":46,"column":null}},"16":{"start":{"line":47,"column":8},"end":{"line":47,"column":null}},"17":{"start":{"line":48,"column":8},"end":{"line":48,"column":null}},"18":{"start":{"line":51,"column":27},"end":{"line":51,"column":null}},"19":{"start":{"line":52,"column":26},"end":{"line":52,"column":null}},"20":{"start":{"line":53,"column":28},"end":{"line":53,"column":null}},"21":{"start":{"line":55,"column":6},"end":{"line":63,"column":null}},"22":{"start":{"line":56,"column":8},"end":{"line":61,"column":null}},"23":{"start":{"line":60,"column":10},"end":{"line":60,"column":null}},"24":{"start":{"line":61,"column":10},"end":{"line":61,"column":null}},"25":{"start":{"line":63,"column":8},"end":{"line":63,"column":null}},"26":{"start":{"line":66,"column":6},"end":{"line":68,"column":null}},"27":{"start":{"line":67,"column":8},"end":{"line":67,"column":null}},"28":{"start":{"line":68,"column":8},"end":{"line":68,"column":null}},"29":{"start":{"line":72,"column":4},"end":{"line":72,"column":null}},"30":{"start":{"line":73,"column":4},"end":{"line":74,"column":null}},"31":{"start":{"line":74,"column":6},"end":{"line":74,"column":null}},"32":{"start":{"line":78,"column":2},"end":{"line":78,"column":null}}},"fnMap":{"0":{"name":"(anonymous_0)","decl":{"start":{"line":17,"column":13},"end":{"line":17,"column":37}},"loc":{"start":{"line":17,"column":79},"end":{"line":24,"column":null}},"line":17},"1":{"name":"(anonymous_1)","decl":{"start":{"line":20,"column":4},"end":{"line":20,"column":null}},"loc":{"start":{"line":22,"column":6},"end":{"line":23,"column":null}},"line":22},"2":{"name":"(anonymous_2)","decl":{"start":{"line":27,"column":13},"end":{"line":27,"column":null}},"loc":{"start":{"line":29,"column":25},"end":{"line":78,"column":null}},"line":29},"3":{"name":"(anonymous_3)","decl":{"start":{"line":32,"column":2},"end":{"line":32,"column":18}},"loc":{"start":{"line":32,"column":18},"end":{"line":76,"column":6}},"line":32},"4":{"name":"(anonymous_4)","decl":{"start":{"line":39,"column":10},"end":{"line":39,"column":23}},"loc":{"start":{"line":39,"column":48},"end":{"line":68,"column":null}},"line":39},"5":{"name":"(anonymous_5)","decl":{"start":{"line":73,"column":4},"end":{"line":73,"column":17}},"loc":{"start":{"line":73,"column":17},"end":{"line":74,"column":null}},"line":73}},"branchMap":{"0":{"loc":{"start":{"line":22,"column":6},"end":{"line":23,"column":null}},"type":"binary-expr","locations":[{"start":{"line":22,"column":6},"end":{"line":22,"column":39}},{"start":{"line":23,"column":6},"end":{"line":23,"column":null}}],"line":22},"1":{"loc":{"start":{"line":33,"column":4},"end":{"line":34,"column":null}},"type":"if","locations":[{"start":{"line":33,"column":4},"end":{"line":34,"column":null}},{"start":{},"end":{}}],"line":33},"2":{"loc":{"start":{"line":33,"column":8},"end":{"line":33,"column":44}},"type":"binary-expr","locations":[{"start":{"line":33,"column":8},"end":{"line":33,"column":21}},{"start":{"line":33,"column":21},"end":{"line":33,"column":44}}],"line":33},"3":{"loc":{"start":{"line":40,"column":6},"end":{"line":41,"column":null}},"type":"if","locations":[{"start":{"line":40,"column":6},"end":{"line":41,"column":null}},{"start":{},"end":{}}],"line":40},"4":{"loc":{"start":{"line":45,"column":6},"end":{"line":48,"column":null}},"type":"if","locations":[{"start":{"line":45,"column":6},"end":{"line":48,"column":null}},{"start":{},"end":{}}],"line":45},"5":{"loc":{"start":{"line":55,"column":6},"end":{"line":63,"column":null}},"type":"if","locations":[{"start":{"line":55,"column":6},"end":{"line":63,"column":null}},{"start":{},"end":{}}],"line":55},"6":{"loc":{"start":{"line":56,"column":8},"end":{"line":61,"column":null}},"type":"if","locations":[{"start":{"line":56,"column":8},"end":{"line":61,"column":null}},{"start":{},"end":{}}],"line":56},"7":{"loc":{"start":{"line":57,"column":10},"end":{"line":58,"column":44}},"type":"binary-expr","locations":[{"start":{"line":57,"column":10},"end":{"line":57,"column":null}},{"start":{"line":58,"column":10},"end":{"line":58,"column":44}}],"line":57},"8":{"loc":{"start":{"line":66,"column":6},"end":{"line":68,"column":null}},"type":"if","locations":[{"start":{"line":66,"column":6},"end":{"line":68,"column":null}},{"start":{},"end":{}}],"line":66}},"s":{"0":1,"1":1,"2":2,"3":6,"4":1,"5":7,"6":7,"7":7,"8":1,"9":6,"10":6,"11":2,"12":0,"13":2,"14":2,"15":0,"16":0,"17":0,"18":2,"19":2,"20":2,"21":2,"22":0,"23":0,"24":0,"25":0,"26":2,"27":1,"28":1,"29":6,"30":6,"31":6,"32":7},"f":{"0":2,"1":6,"2":7,"3":7,"4":2,"5":6},"b":{"0":[6,6],"1":[1,6],"2":[7,6],"3":[0,2],"4":[0,2],"5":[0,2],"6":[0,0],"7":[0,0],"8":[1,1]},"meta":{"lastBranch":9,"lastFunction":6,"lastStatement":33,"seen":{"s:3:27:15:11":0,"s:17:13:24:Infinity":1,"f:17:13:17:37":0,"s:18:2:24:Infinity":2,"f:20:4:20:Infinity":1,"s:22:6:23:Infinity":3,"b:22:6:22:39:23:6:23:Infinity":0,"s:27:13:78:Infinity":4,"f:27:13:27:Infinity":2,"s:30:8:30:38":5,"s:32:2:76:Infinity":6,"f:32:2:32:18":3,"b:33:4:34:Infinity:undefined:undefined:undefined:undefined":1,"s:33:4:34:Infinity":7,"b:33:8:33:21:33:21:33:44":2,"s:34:6:34:Infinity":8,"s:37:22:37:Infinity":9,"s:39:10:68:Infinity":10,"f:39:10:39:23":4,"b:40:6:41:Infinity:undefined:undefined:undefined:undefined":3,"s:40:6:41:Infinity":11,"s:41:8:41:Infinity":12,"s:44:32:44:63":13,"b:45:6:48:Infinity:undefined:undefined:undefined:undefined":4,"s:45:6:48:Infinity":14,"s:46:8:46:Infinity":15,"s:47:8:47:Infinity":16,"s:48:8:48:Infinity":17,"s:51:27:51:Infinity":18,"s:52:26:52:Infinity":19,"s:53:28:53:Infinity":20,"b:55:6:63:Infinity:undefined:undefined:undefined:undefined":5,"s:55:6:63:Infinity":21,"b:56:8:61:Infinity:undefined:undefined:undefined:undefined":6,"s:56:8:61:Infinity":22,"b:57:10:57:Infinity:58:10:58:44":7,"s:60:10:60:Infinity":23,"s:61:10:61:Infinity":24,"s:63:8:63:Infinity":25,"b:66:6:68:Infinity:undefined:undefined:undefined:undefined":8,"s:66:6:68:Infinity":26,"s:67:8:67:Infinity":27,"s:68:8:68:Infinity":28,"s:72:4:72:Infinity":29,"s:73:4:74:Infinity":30,"f:73:4:73:17":5,"s:74:6:74:Infinity":31,"s:78:2:78:Infinity":32}}}
,"C:\\Users\\malak_tkw20pj\\OneDrive\\Desktop\\portfolio\\Project1\\src\\utils\\useId.ts": {"path":"C:\\Users\\malak_tkw20pj\\OneDrive\\Desktop\\portfolio\\Project1\\src\\utils\\useId.ts","statementMap":{"0":{"start":{"line":8,"column":13},"end":{"line":12,"column":null}},"1":{"start":{"line":9,"column":35},"end":{"line":9,"column":null}},"2":{"start":{"line":10,"column":8},"end":{"line":10,"column":52}},"3":{"start":{"line":12,"column":2},"end":{"line":12,"column":null}}},"fnMap":{"0":{"name":"(anonymous_0)","decl":{"start":{"line":8,"column":13},"end":{"line":8,"column":22}},"loc":{"start":{"line":8,"column":61},"end":{"line":12,"column":null}},"line":8}},"branchMap":{"0":{"loc":{"start":{"line":8,"column":22},"end":{"line":8,"column":48}},"type":"default-arg","locations":[{"start":{"line":8,"column":46},"end":{"line":8,"column":48}}],"line":8},"1":{"loc":{"start":{"line":9,"column":14},"end":{"line":9,"column":35}},"type":"default-arg","locations":[{"start":{"line":9,"column":23},"end":{"line":9,"column":35}}],"line":9},"2":{"loc":{"start":{"line":12,"column":9},"end":{"line":12,"column":null}},"type":"binary-expr","locations":[{"start":{"line":12,"column":9},"end":{"line":12,"column":15}},{"start":{"line":12,"column":15},"end":{"line":12,"column":null}}],"line":12}},"s":{"0":4,"1":34,"2":34,"3":34},"f":{"0":34},"b":{"0":[34],"1":[34],"2":[34,34]},"meta":{"lastBranch":3,"lastFunction":1,"lastStatement":4,"seen":{"s:8:13:12:Infinity":0,"f:8:13:8:22":0,"b:8:46:8:48":0,"s:9:35:9:Infinity":1,"b:9:23:9:35":1,"s:10:8:10:52":2,"s:12:2:12:Infinity":3,"b:12:9:12:15:12:15:12:Infinity":2}}}
,"C:\\Users\\malak_tkw20pj\\OneDrive\\Desktop\\portfolio\\Project1\\src\\utils\\useTooltip.ts": {"path":"C:\\Users\\malak_tkw20pj\\OneDrive\\Desktop\\portfolio\\Project1\\src\\utils\\useTooltip.ts","statementMap":{"0":{"start":{"line":14,"column":13},"end":{"line":52,"column":null}},"1":{"start":{"line":18,"column":20},"end":{"line":18,"column":51}},"2":{"start":{"line":19,"column":8},"end":{"line":19,"column":75}},"3":{"start":{"line":20,"column":8},"end":{"line":20,"column":75}},"4":{"start":{"line":22,"column":8},"end":{"line":35,"column":23}},"5":{"start":{"line":23,"column":4},"end":{"line":24,"column":null}},"6":{"start":{"line":24,"column":6},"end":{"line":24,"column":null}},"7":{"start":{"line":27,"column":4},"end":{"line":29,"column":null}},"8":{"start":{"line":28,"column":6},"end":{"line":28,"column":null}},"9":{"start":{"line":29,"column":6},"end":{"line":29,"column":null}},"10":{"start":{"line":32,"column":4},"end":{"line":34,"column":null}},"11":{"start":{"line":33,"column":6},"end":{"line":33,"column":null}},"12":{"start":{"line":37,"column":8},"end":{"line":46,"column":8}},"13":{"start":{"line":38,"column":4},"end":{"line":40,"column":null}},"14":{"start":{"line":39,"column":6},"end":{"line":39,"column":null}},"15":{"start":{"line":40,"column":6},"end":{"line":40,"column":null}},"16":{"start":{"line":43,"column":4},"end":{"line":45,"column":null}},"17":{"start":{"line":44,"column":6},"end":{"line":44,"column":null}},"18":{"start":{"line":48,"column":2},"end":{"line":52,"column":null}}},"fnMap":{"0":{"name":"(anonymous_0)","decl":{"start":{"line":14,"column":13},"end":{"line":14,"column":27}},"loc":{"start":{"line":17,"column":48},"end":{"line":52,"column":null}},"line":17},"1":{"name":"(anonymous_1)","decl":{"start":{"line":22,"column":22},"end":{"line":22,"column":40}},"loc":{"start":{"line":22,"column":40},"end":{"line":35,"column":6}},"line":22},"2":{"name":"(anonymous_2)","decl":{"start":{"line":32,"column":29},"end":{"line":32,"column":46}},"loc":{"start":{"line":32,"column":46},"end":{"line":34,"column":13}},"line":32},"3":{"name":"(anonymous_3)","decl":{"start":{"line":37,"column":22},"end":{"line":37,"column":40}},"loc":{"start":{"line":37,"column":40},"end":{"line":46,"column":7}},"line":37},"4":{"name":"(anonymous_4)","decl":{"start":{"line":43,"column":29},"end":{"line":43,"column":46}},"loc":{"start":{"line":43,"column":46},"end":{"line":45,"column":10}},"line":43}},"branchMap":{"0":{"loc":{"start":{"line":14,"column":27},"end":{"line":17,"column":25}},"type":"default-arg","locations":[{"start":{"line":17,"column":23},"end":{"line":17,"column":25}}],"line":14},"1":{"loc":{"start":{"line":15,"column":2},"end":{"line":15,"column":null}},"type":"default-arg","locations":[{"start":{"line":15,"column":10},"end":{"line":15,"column":null}}],"line":15},"2":{"loc":{"start":{"line":16,"column":2},"end":{"line":16,"column":null}},"type":"default-arg","locations":[{"start":{"line":16,"column":13},"end":{"line":16,"column":null}}],"line":16},"3":{"loc":{"start":{"line":23,"column":4},"end":{"line":24,"column":null}},"type":"if","locations":[{"start":{"line":23,"column":4},"end":{"line":24,"column":null}},{"start":{},"end":{}}],"line":23},"4":{"loc":{"start":{"line":27,"column":4},"end":{"line":29,"column":null}},"type":"if","locations":[{"start":{"line":27,"column":4},"end":{"line":29,"column":null}},{"start":{},"end":{}}],"line":27},"5":{"loc":{"start":{"line":38,"column":4},"end":{"line":40,"column":null}},"type":"if","locations":[{"start":{"line":38,"column":4},"end":{"line":40,"column":null}},{"start":{},"end":{}}],"line":38}},"s":{"0":1,"1":7,"2":7,"3":7,"4":7,"5":4,"6":1,"7":3,"8":0,"9":0,"10":3,"11":3,"12":7,"13":0,"14":0,"15":0,"16":0,"17":0,"18":7},"f":{"0":7,"1":4,"2":3,"3":0,"4":0},"b":{"0":[7],"1":[7],"2":[7],"3":[1,3],"4":[0,3],"5":[0,0]},"meta":{"lastBranch":6,"lastFunction":5,"lastStatement":19,"seen":{"s:14:13:52:Infinity":0,"f:14:13:14:27":0,"b:17:23:17:25":0,"b:15:10:15:Infinity":1,"b:16:13:16:Infinity":2,"s:18:20:18:51":1,"s:19:8:19:75":2,"s:20:8:20:75":3,"s:22:8:35:23":4,"f:22:22:22:40":1,"b:23:4:24:Infinity:undefined:undefined:undefined:undefined":3,"s:23:4:24:Infinity":5,"s:24:6:24:Infinity":6,"b:27:4:29:Infinity:undefined:undefined:undefined:undefined":4,"s:27:4:29:Infinity":7,"s:28:6:28:Infinity":8,"s:29:6:29:Infinity":9,"s:32:4:34:Infinity":10,"f:32:29:32:46":2,"s:33:6:33:Infinity":11,"s:37:8:46:8":12,"f:37:22:37:40":3,"b:38:4:40:Infinity:undefined:undefined:undefined:undefined":5,"s:38:4:40:Infinity":13,"s:39:6:39:Infinity":14,"s:40:6:40:Infinity":15,"s:43:4:45:Infinity":16,"f:43:29:43:46":4,"s:44:6:44:Infinity":17,"s:48:2:52:Infinity":18}}}
}
